Using pre-set license
Built from '2022.3/staging' branch; Version is '2022.3.10f1 (ff3792e53c62) revision 16725906'; Using compiler version '192829333'; Build Type 'Release'
OS: 'Windows 11  (10.0.22621) 64bit Education' Language: 'en' Physical Memory: 32604 MB
BatchMode: 1, IsHumanControllingUs: 0, StartBugReporterOnCrash: 0, Is64bit: 1, IsPro: 1

COMMAND LINE ARGUMENTS:
C:\Program Files\Unity\Hub\Editor\2022.3.10f1\Editor\Unity.exe
-adb2
-batchMode
-noUpm
-name
AssetImportWorker1
-projectPath
E:/Study/Unity Study/SRP Study/Natural scene/Natural Scene
-logFile
Logs/AssetImportWorker1.log
-srvPort
54572
Successfully changed project path to: E:/Study/Unity Study/SRP Study/Natural scene/Natural Scene
E:/Study/Unity Study/SRP Study/Natural scene/Natural Scene
[UnityMemory] Configuration Parameters - Can be set up in boot.config
    "memorysetup-bucket-allocator-granularity=16"
    "memorysetup-bucket-allocator-bucket-count=8"
    "memorysetup-bucket-allocator-block-size=33554432"
    "memorysetup-bucket-allocator-block-count=8"
    "memorysetup-main-allocator-block-size=16777216"
    "memorysetup-thread-allocator-block-size=16777216"
    "memorysetup-gfx-main-allocator-block-size=16777216"
    "memorysetup-gfx-thread-allocator-block-size=16777216"
    "memorysetup-cache-allocator-block-size=4194304"
    "memorysetup-typetree-allocator-block-size=2097152"
    "memorysetup-profiler-bucket-allocator-granularity=16"
    "memorysetup-profiler-bucket-allocator-bucket-count=8"
    "memorysetup-profiler-bucket-allocator-block-size=33554432"
    "memorysetup-profiler-bucket-allocator-block-count=8"
    "memorysetup-profiler-allocator-block-size=16777216"
    "memorysetup-profiler-editor-allocator-block-size=1048576"
    "memorysetup-temp-allocator-size-main=16777216"
    "memorysetup-job-temp-allocator-block-size=2097152"
    "memorysetup-job-temp-allocator-block-size-background=1048576"
    "memorysetup-job-temp-allocator-reduction-small-platforms=262144"
    "memorysetup-allocator-temp-initial-block-size-main=262144"
    "memorysetup-allocator-temp-initial-block-size-worker=262144"
    "memorysetup-temp-allocator-size-background-worker=32768"
    "memorysetup-temp-allocator-size-job-worker=262144"
    "memorysetup-temp-allocator-size-preload-manager=33554432"
    "memorysetup-temp-allocator-size-nav-mesh-worker=65536"
    "memorysetup-temp-allocator-size-audio-worker=65536"
    "memorysetup-temp-allocator-size-cloud-worker=32768"
    "memorysetup-temp-allocator-size-gi-baking-worker=262144"
    "memorysetup-temp-allocator-size-gfx=262144"
Player connection [2860] Host "[IP] 192.168.5.111 [Port] 0 [Flags] 2 [Guid] 847755371 [EditorId] 847755371 [Version] 1048832 [Id] WindowsEditor(7,DESKTOP-6E4HN7O) [Debug] 1 [PackageName] WindowsEditor [ProjectName] Editor" joined multi-casting on [225.0.0.222:54997]...

Player connection [2860] Host "[IP] 192.168.5.111 [Port] 0 [Flags] 2 [Guid] 847755371 [EditorId] 847755371 [Version] 1048832 [Id] WindowsEditor(7,DESKTOP-6E4HN7O) [Debug] 1 [PackageName] WindowsEditor [ProjectName] Editor" joined alternative multi-casting on [225.0.0.222:34997]...

[Physics::Module] Initialized MultithreadedJobDispatcher with 19 workers.
Refreshing native plugins compatible for Editor in 4.12 ms, found 3 plugins.
Preloading 0 native plugins for Editor in 0.00 ms.
Initialize engine version: 2022.3.10f1 (ff3792e53c62)
[Subsystems] Discovering subsystems at path C:/Program Files/Unity/Hub/Editor/2022.3.10f1/Editor/Data/Resources/UnitySubsystems
[Subsystems] Discovering subsystems at path E:/Study/Unity Study/SRP Study/Natural scene/Natural Scene/Assets
GfxDevice: creating device client; threaded=0; jobified=0
Direct3D:
    Version:  Direct3D 11.0 [level 11.1]
    Renderer: NVIDIA GeForce RTX 4070 Ti (ID=0x2782)
    Vendor:   NVIDIA
    VRAM:     12010 MB
    Driver:   31.0.15.3758
Initialize mono
Mono path[0] = 'C:/Program Files/Unity/Hub/Editor/2022.3.10f1/Editor/Data/Managed'
Mono path[1] = 'C:/Program Files/Unity/Hub/Editor/2022.3.10f1/Editor/Data/MonoBleedingEdge/lib/mono/unityjit-win32'
Mono config path = 'C:/Program Files/Unity/Hub/Editor/2022.3.10f1/Editor/Data/MonoBleedingEdge/etc'
Using monoOptions --debugger-agent=transport=dt_socket,embedding=1,server=y,suspend=n,address=127.0.0.1:56612
Begin MonoManager ReloadAssembly
Registering precompiled unity dll's ...
Register platform support module: C:/Program Files/Unity/Hub/Editor/2022.3.10f1/Editor/Data/PlaybackEngines/WebGLSupport/UnityEditor.WebGL.Extensions.dll
Register platform support module: C:/Program Files/Unity/Hub/Editor/2022.3.10f1/Editor/Data/PlaybackEngines/WindowsStandaloneSupport/UnityEditor.WindowsStandalone.Extensions.dll
Registered in 0.004375 seconds.
- Loaded All Assemblies, in  0.254 seconds
Native extension for WindowsStandalone target not found
Native extension for WebGL target not found
Mono: successfully reloaded assembly
- Finished resetting the current domain, in  0.136 seconds
Domain Reload Profiling: 389ms
	BeginReloadAssembly (81ms)
		ExecutionOrderSort (0ms)
		DisableScriptedObjects (0ms)
		BackupInstance (0ms)
		ReleaseScriptingObjects (0ms)
		CreateAndSetChildDomain (0ms)
	RebuildCommonClasses (23ms)
	RebuildNativeTypeToScriptingClass (6ms)
	initialDomainReloadingComplete (36ms)
	LoadAllAssembliesAndSetupDomain (106ms)
		LoadAssemblies (80ms)
		RebuildTransferFunctionScriptingTraits (0ms)
		AnalyzeDomain (104ms)
			TypeCache.Refresh (103ms)
				TypeCache.ScanAssembly (92ms)
			ScanForSourceGeneratedMonoScriptInfo (0ms)
			ResolveRequiredComponents (0ms)
	FinalizeReload (136ms)
		ReleaseScriptCaches (0ms)
		RebuildScriptCaches (0ms)
		SetupLoadedEditorAssemblies (103ms)
			LogAssemblyErrors (0ms)
			InitializePlatformSupportModulesInManaged (5ms)
			SetLoadedEditorAssemblies (3ms)
			RefreshPlugins (0ms)
			BeforeProcessingInitializeOnLoad (1ms)
			ProcessInitializeOnLoadAttributes (67ms)
			ProcessInitializeOnLoadMethodAttributes (27ms)
			AfterProcessingInitializeOnLoad (0ms)
			EditorAssembliesLoaded (0ms)
		ExecutionOrderSort2 (0ms)
		AwakeInstancesAfterBackupRestoration (0ms)
========================================================================
Worker process is ready to serve import requests
Begin MonoManager ReloadAssembly
- Loaded All Assemblies, in  0.471 seconds
Refreshing native plugins compatible for Editor in 1.37 ms, found 3 plugins.
Native extension for WindowsStandalone target not found
Native extension for WebGL target not found
Package Manager log level set to [2]
[Package Manager] Server::EnsureServerProcessIsRunning -- launch failed, reason: Unity was launched with the -noUpm command-line argument
[Package Manager] UpmClient::Send -- Unable to send message (not connected to UPM process).
[Package Manager] Cannot connect to Unity Package Manager local server
Mono: successfully reloaded assembly
- Finished resetting the current domain, in  0.455 seconds
Domain Reload Profiling: 925ms
	BeginReloadAssembly (103ms)
		ExecutionOrderSort (0ms)
		DisableScriptedObjects (3ms)
		BackupInstance (0ms)
		ReleaseScriptingObjects (0ms)
		CreateAndSetChildDomain (14ms)
	RebuildCommonClasses (19ms)
	RebuildNativeTypeToScriptingClass (6ms)
	initialDomainReloadingComplete (23ms)
	LoadAllAssembliesAndSetupDomain (319ms)
		LoadAssemblies (263ms)
		RebuildTransferFunctionScriptingTraits (0ms)
		AnalyzeDomain (120ms)
			TypeCache.Refresh (102ms)
				TypeCache.ScanAssembly (91ms)
			ScanForSourceGeneratedMonoScriptInfo (12ms)
			ResolveRequiredComponents (5ms)
	FinalizeReload (455ms)
		ReleaseScriptCaches (0ms)
		RebuildScriptCaches (0ms)
		SetupLoadedEditorAssemblies (355ms)
			LogAssemblyErrors (0ms)
			InitializePlatformSupportModulesInManaged (5ms)
			SetLoadedEditorAssemblies (2ms)
			RefreshPlugins (0ms)
			BeforeProcessingInitializeOnLoad (39ms)
			ProcessInitializeOnLoadAttributes (276ms)
			ProcessInitializeOnLoadMethodAttributes (30ms)
			AfterProcessingInitializeOnLoad (3ms)
			EditorAssembliesLoaded (0ms)
		ExecutionOrderSort2 (0ms)
		AwakeInstancesAfterBackupRestoration (4ms)
Launched and connected shader compiler UnityShaderCompiler.exe after 0.03 seconds
Refreshing native plugins compatible for Editor in 2.60 ms, found 3 plugins.
Preloading 0 native plugins for Editor in 0.00 ms.
Unloading 4930 Unused Serialized files (Serialized files now loaded: 0)
Unloading 74 unused Assets / (0.8 MB). Loaded Objects now: 5381.
Memory consumption went from 196.1 MB to 195.3 MB.
Total: 3.822600 ms (FindLiveObjects: 0.263400 ms CreateObjectMapping: 0.075100 ms MarkObjects: 3.217500 ms  DeleteObjects: 0.265900 ms)

AssetImportParameters requested are different than current active one (requested -> active):
  custom:container-demuxer-ogg: 62fdf1f143b41e24485cea50d1cbac27 -> 
  custom:video-codec-MediaFoundation-h265: 746d11721c4dcdbdad8f713fa42b33f4 -> 
  custom:video-decoder-ogg-theora: a1e56fd34408186e4bbccfd4996cb3dc -> 
  custom:framework-win-MediaFoundation: 216162199b28c13a410421893ffa2e32 -> 
  custom:CustomObjectIndexerAttribute: a3ef5dd2817f97addfee359851a9dba5 -> 
  custom:container-demuxer-webm: 4f35f7cbe854078d1ac9338744f61a02 -> 
  custom:container-muxer-webm: aa71ff27fc2769a1b78a27578f13a17b -> 
  custom:video-decoder-webm-vp8: 9c59270c3fd7afecdb556c50c9e8de78 -> 
  custom:SearchIndexIgnoredProperties: e643bd26f0fe6173181afceb89e7c659 -> 
  custom:AudioImporter_EditorPlatform: d09bf68614088b80899f8185d706f6e7 -> 
  custom:video-encoder-webm-vp8: eb34c28f22e8b96e1ab97ce403110664 -> 
  custom:audio-decoder-ogg-vorbis: bf7c407c2cedff20999df2af8eb42d56 -> 
  custom:audio-encoder-webm-vorbis: bf7c407c2cedff20999df2af8eb42d56 -> 
========================================================================
Received Import Request.
  Time since last request: 26405.951368 seconds.
  path: Assets/MyMaterial/Sea/plane.fbx
  artifactKey: Guid(4f3f86912e3cbf64d9f922c94cfce51a) Importer(815301076,1909f56bfc062723c751e8b465ee728b)
Start importing Assets/MyMaterial/Sea/plane.fbx using Guid(4f3f86912e3cbf64d9f922c94cfce51a) Importer(815301076,1909f56bfc062723c751e8b465ee728b)  -> (artifact id: '8f38782709eaa3a1cc49401ef48d9869') in 0.181118 seconds
Number of updated asset objects reloaded before import = 0
Number of asset objects unloaded after import = 9
========================================================================
Received Import Request.
  Time since last request: 39.664587 seconds.
  path: Assets/MyMaterial/Sea/CartoonSea.mat
  artifactKey: Guid(b00fc4c9074ee9e47a358af2af952fa7) Importer(815301076,1909f56bfc062723c751e8b465ee728b)
Start importing Assets/MyMaterial/Sea/CartoonSea.mat using Guid(b00fc4c9074ee9e47a358af2af952fa7) Importer(815301076,1909f56bfc062723c751e8b465ee728b)  -> (artifact id: '54dad633a3377ca28272d8f90e1eca84') in 0.019638 seconds
Number of updated asset objects reloaded before import = 0
Number of asset objects unloaded after import = 4
========================================================================
Received Import Request.
  Time since last request: 0.016351 seconds.
  path: Assets/MyMaterial/Cloud/Mesh cloud/Custom_MeshCloud.mat
  artifactKey: Guid(e065c238e50298a4a90b366ddbbb7c73) Importer(815301076,1909f56bfc062723c751e8b465ee728b)
Start importing Assets/MyMaterial/Cloud/Mesh cloud/Custom_MeshCloud.mat using Guid(e065c238e50298a4a90b366ddbbb7c73) Importer(815301076,1909f56bfc062723c751e8b465ee728b)  -> (artifact id: 'cb802f57b44da795f9c278457aa2ad8d') in 0.044108 seconds
Number of updated asset objects reloaded before import = 0
Number of asset objects unloaded after import = 4
========================================================================
Received Import Request.
  Time since last request: 0.033782 seconds.
  path: Assets/MyMaterial/Cloud/Mesh cloud/cloud.obj
  artifactKey: Guid(0315cfbbce10185449e49c9c6f7f9a2f) Importer(815301076,1909f56bfc062723c751e8b465ee728b)
Start importing Assets/MyMaterial/Cloud/Mesh cloud/cloud.obj using Guid(0315cfbbce10185449e49c9c6f7f9a2f) Importer(815301076,1909f56bfc062723c751e8b465ee728b)  -> (artifact id: '554fdb29641f3850b73d5a1d7158a4f4') in 0.051924 seconds
Number of updated asset objects reloaded before import = 0
Number of asset objects unloaded after import = 11
========================================================================
Received Import Request.
  Time since last request: 0.000023 seconds.
  path: Assets/MyMaterial/Cloud/Parallax cloud/Custom_UnlitShaderExample.mat
  artifactKey: Guid(73d159d5f87a73a40860d59da7b1f6ab) Importer(815301076,1909f56bfc062723c751e8b465ee728b)
Start importing Assets/MyMaterial/Cloud/Parallax cloud/Custom_UnlitShaderExample.mat using Guid(73d159d5f87a73a40860d59da7b1f6ab) Importer(815301076,1909f56bfc062723c751e8b465ee728b)  -> (artifact id: '5b71560ac4b6d51d237412ea603f807e') in 0.021195 seconds
Number of updated asset objects reloaded before import = 0
Number of asset objects unloaded after import = 3
========================================================================
Received Import Request.
  Time since last request: 0.000032 seconds.
  path: Assets/Java - Low Poly Islands/Contents/Materials/Flower 2.mat
  artifactKey: Guid(c70db8dfe6f349045af380e88c6ebed7) Importer(815301076,1909f56bfc062723c751e8b465ee728b)
Start importing Assets/Java - Low Poly Islands/Contents/Materials/Flower 2.mat using Guid(c70db8dfe6f349045af380e88c6ebed7) Importer(815301076,1909f56bfc062723c751e8b465ee728b)  -> (artifact id: '57b73cd913d6fe0ce7d12f0c0d889d72') in 0.007507 seconds
Number of updated asset objects reloaded before import = 0
Number of asset objects unloaded after import = 2
========================================================================
Received Import Request.
  Time since last request: 0.000018 seconds.
  path: Assets/Java - Low Poly Islands/Contents/Materials/Rock 3.mat
  artifactKey: Guid(3d87ab3356415224ebb32f8cf8611034) Importer(815301076,1909f56bfc062723c751e8b465ee728b)
Start importing Assets/Java - Low Poly Islands/Contents/Materials/Rock 3.mat using Guid(3d87ab3356415224ebb32f8cf8611034) Importer(815301076,1909f56bfc062723c751e8b465ee728b)  -> (artifact id: '993053fb808bbe1579e3d4bcfe8de857') in 0.005887 seconds
Number of updated asset objects reloaded before import = 0
Number of asset objects unloaded after import = 2
========================================================================
Received Import Request.
  Time since last request: 0.000022 seconds.
  path: Assets/Java - Low Poly Islands/Contents/Materials/Wood 1.mat
  artifactKey: Guid(79bc54025abba0c48900ad9adc0e4b3f) Importer(815301076,1909f56bfc062723c751e8b465ee728b)
Start importing Assets/Java - Low Poly Islands/Contents/Materials/Wood 1.mat using Guid(79bc54025abba0c48900ad9adc0e4b3f) Importer(815301076,1909f56bfc062723c751e8b465ee728b)  -> (artifact id: '037b4f88dae02bf0a107bca1d1f0809e') in 0.008141 seconds
Number of updated asset objects reloaded before import = 0
Number of asset objects unloaded after import = 2
========================================================================
Received Import Request.
  Time since last request: 0.000023 seconds.
  path: Assets/Java - Low Poly Islands/Contents/Materials/Orange.mat
  artifactKey: Guid(04d3dea89341deb46987a515307f22a8) Importer(815301076,1909f56bfc062723c751e8b465ee728b)
Start importing Assets/Java - Low Poly Islands/Contents/Materials/Orange.mat using Guid(04d3dea89341deb46987a515307f22a8) Importer(815301076,1909f56bfc062723c751e8b465ee728b)  -> (artifact id: '50f582a0135865cbafdf703c5ec5aeb2') in 0.007501 seconds
Number of updated asset objects reloaded before import = 0
Number of asset objects unloaded after import = 2
========================================================================
Received Import Request.
  Time since last request: 0.000022 seconds.
  path: Assets/Java - Low Poly Islands/Contents/Materials/Trunk.mat
  artifactKey: Guid(4a9f5a5f5978a394b87cd23ed4c7e808) Importer(815301076,1909f56bfc062723c751e8b465ee728b)
Start importing Assets/Java - Low Poly Islands/Contents/Materials/Trunk.mat using Guid(4a9f5a5f5978a394b87cd23ed4c7e808) Importer(815301076,1909f56bfc062723c751e8b465ee728b)  -> (artifact id: '670f015f5b8f9d98887a53de84ea6157') in 0.006292 seconds
Number of updated asset objects reloaded before import = 0
Number of asset objects unloaded after import = 2
========================================================================
Received Import Request.
  Time since last request: 0.000027 seconds.
  path: Assets/Java - Low Poly Islands/Contents/Materials/Shallow Water.mat
  artifactKey: Guid(905e0d5b1ed00c74290cf60d7be1ccd0) Importer(815301076,1909f56bfc062723c751e8b465ee728b)
Start importing Assets/Java - Low Poly Islands/Contents/Materials/Shallow Water.mat using Guid(905e0d5b1ed00c74290cf60d7be1ccd0) Importer(815301076,1909f56bfc062723c751e8b465ee728b)  -> (artifact id: 'ad03b3c4977dcea67ee200d62e0ccb66') in 0.005864 seconds
Number of updated asset objects reloaded before import = 0
Number of asset objects unloaded after import = 2
========================================================================
Received Import Request.
  Time since last request: 0.000034 seconds.
  path: Assets/Java - Low Poly Islands/Contents/Materials/Rock 2.mat
  artifactKey: Guid(ed9c0598539dc5f428caa5dc67aea0bc) Importer(815301076,1909f56bfc062723c751e8b465ee728b)
Start importing Assets/Java - Low Poly Islands/Contents/Materials/Rock 2.mat using Guid(ed9c0598539dc5f428caa5dc67aea0bc) Importer(815301076,1909f56bfc062723c751e8b465ee728b)  -> (artifact id: '10b96f513deea899c10b33fc1b646aba') in 0.008116 seconds
Number of updated asset objects reloaded before import = 0
Number of asset objects unloaded after import = 2
========================================================================
Received Import Request.
  Time since last request: 0.000017 seconds.
  path: Assets/Java - Low Poly Islands/Contents/Materials/Grass.mat
  artifactKey: Guid(10b1949e11a097547ae32f3f03dd2424) Importer(815301076,1909f56bfc062723c751e8b465ee728b)
Start importing Assets/Java - Low Poly Islands/Contents/Materials/Grass.mat using Guid(10b1949e11a097547ae32f3f03dd2424) Importer(815301076,1909f56bfc062723c751e8b465ee728b)  -> (artifact id: '276e522997467955d0b6e2fcf0957d0f') in 0.006753 seconds
Number of updated asset objects reloaded before import = 0
Number of asset objects unloaded after import = 2
========================================================================
Received Import Request.
  Time since last request: 0.000016 seconds.
  path: Assets/Java - Low Poly Islands/Contents/Materials/Straw.mat
  artifactKey: Guid(684cdf49abceabc46974ab2f32b2bda5) Importer(815301076,1909f56bfc062723c751e8b465ee728b)
Start importing Assets/Java - Low Poly Islands/Contents/Materials/Straw.mat using Guid(684cdf49abceabc46974ab2f32b2bda5) Importer(815301076,1909f56bfc062723c751e8b465ee728b)  -> (artifact id: '8bcf466a22ad8b9de17e6d1facbc3927') in 0.010927 seconds
Number of updated asset objects reloaded before import = 0
Number of asset objects unloaded after import = 2
Editor requested this worker to shutdown with reason: Scaling down because of idle timeout
TcpMessagingSession - receive error: operation aborted. errorcode: 995, details: The I/O operation has been aborted because of either a thread exit or an application request.
AssetImportWorker is now disconnected from the server
Process exiting
Exiting without the bug reporter. Application will terminate with return code 0