Base path: 'C:/Program Files/Unity/Hub/Editor/2022.3.10f1/Editor/Data', plugins path 'C:/Program Files/Unity/Hub/Editor/2022.3.10f1/Editor/Data/PlaybackEngines'
Cmd: initializeCompiler

Cmd: compileSnippet
  insize=7875 file=Assets/MyMaterial/Sea/Custom/CartoonSea pass=Example ppOnly=0 stripLineD=0 buildPlatform=19 rsLen=0 pKW=UNITY_ENABLE_REFLECTION_BUFFERS UNITY_USE_DITHER_MASK_FOR_ALPHABLENDED_SHADOWS UNITY_PBS_USE_BRDF1 UNITY_SPECCUBE_BOX_PROJECTION UNITY_SPECCUBE_BLENDING UNITY_ENABLE_DETAIL_NORMALMAP SHADER_API_DESKTOP UNITY_LIGHT_PROBE_PROXY_VOLUME UNITY_LIGHTMAP_FULL_HDR uKW= dKW=UNITY_NO_DXT5nm UNITY_FRAMEBUFFER_FETCH_AVAILABLE UNITY_METAL_SHADOWS_USE_POINT_FILTERING UNITY_NO_SCREENSPACE_SHADOWS UNITY_PBS_USE_BRDF2 UNITY_PBS_USE_BRDF3 UNITY_NO_FULL_STANDARD_SHADER UNITY_HARDWARE_TIER1 UNITY_HARDWARE_TIER2 UNITY_HARDWARE_TIER3 UNITY_COLORSPACE_GAMMA UNITY_HALF_PRECISION_FRAGMENT_SHADER_REGISTERS UNITY_LIGHTMAP_DLDR_ENCODING UNITY_LIGHTMAP_RGBM_ENCODING UNITY_VIRTUAL_TEXTURING UNITY_PRETRANSFORM_TO_DISPLAY_ORIENTATION UNITY_ASTC_NORMALMAP_ENCODING SHADER_API_GLES30 UNITY_UNIFIED_SHADER_PRECISION_MODEL flags=0 lang=3 type=Fragment platform=d3d11 reqs=33 mask=6 start=238  error: 1 plat 4 at (156): 'LinearEyeDepth': implicit truncation of vector type
  error: 1 plat 4 at (166): 'LinearEyeDepth': implicit truncation of vector type
  error: 1 plat 4 at (188): implicit truncation of vector type
  error: 1 plat 4 at (201): 'CalculateBRDF': implicit truncation of vector type
  error: 1 plat 4 at (205): implicit truncation of vector type
 ok=1 outsize=6242

Cmd: compileSnippet
  insize=7900 file=Assets/MyMaterial/Sea/Custom/CartoonSea pass=Example ppOnly=0 stripLineD=0 buildPlatform=19 rsLen=0 pKW=UNITY_ENABLE_REFLECTION_BUFFERS UNITY_USE_DITHER_MASK_FOR_ALPHABLENDED_SHADOWS UNITY_PBS_USE_BRDF1 UNITY_SPECCUBE_BOX_PROJECTION UNITY_SPECCUBE_BLENDING UNITY_ENABLE_DETAIL_NORMALMAP SHADER_API_DESKTOP UNITY_LIGHT_PROBE_PROXY_VOLUME UNITY_LIGHTMAP_FULL_HDR uKW= dKW=UNITY_NO_DXT5nm UNITY_FRAMEBUFFER_FETCH_AVAILABLE UNITY_METAL_SHADOWS_USE_POINT_FILTERING UNITY_NO_SCREENSPACE_SHADOWS UNITY_PBS_USE_BRDF2 UNITY_PBS_USE_BRDF3 UNITY_NO_FULL_STANDARD_SHADER UNITY_HARDWARE_TIER1 UNITY_HARDWARE_TIER2 UNITY_HARDWARE_TIER3 UNITY_COLORSPACE_GAMMA UNITY_HALF_PRECISION_FRAGMENT_SHADER_REGISTERS UNITY_LIGHTMAP_DLDR_ENCODING UNITY_LIGHTMAP_RGBM_ENCODING UNITY_VIRTUAL_TEXTURING UNITY_PRETRANSFORM_TO_DISPLAY_ORIENTATION UNITY_ASTC_NORMALMAP_ENCODING SHADER_API_GLES30 UNITY_UNIFIED_SHADER_PRECISION_MODEL flags=0 lang=3 type=Fragment platform=d3d11 reqs=33 mask=6 start=238  error: 1 plat 4 at (156): 'LinearEyeDepth': implicit truncation of vector type
  error: 1 plat 4 at (166): 'LinearEyeDepth': implicit truncation of vector type
  error: 1 plat 4 at (188): implicit truncation of vector type
  error: 1 plat 4 at (201): 'CalculateBRDF': implicit truncation of vector type
  error: 1 plat 4 at (205): implicit truncation of vector type
 ok=1 outsize=6242

Cmd: compileSnippet
  insize=7897 file=Assets/MyMaterial/Sea/Custom/CartoonSea pass=Example ppOnly=0 stripLineD=0 buildPlatform=19 rsLen=0 pKW=UNITY_ENABLE_REFLECTION_BUFFERS UNITY_USE_DITHER_MASK_FOR_ALPHABLENDED_SHADOWS UNITY_PBS_USE_BRDF1 UNITY_SPECCUBE_BOX_PROJECTION UNITY_SPECCUBE_BLENDING UNITY_ENABLE_DETAIL_NORMALMAP SHADER_API_DESKTOP UNITY_LIGHT_PROBE_PROXY_VOLUME UNITY_LIGHTMAP_FULL_HDR uKW= dKW=UNITY_NO_DXT5nm UNITY_FRAMEBUFFER_FETCH_AVAILABLE UNITY_METAL_SHADOWS_USE_POINT_FILTERING UNITY_NO_SCREENSPACE_SHADOWS UNITY_PBS_USE_BRDF2 UNITY_PBS_USE_BRDF3 UNITY_NO_FULL_STANDARD_SHADER UNITY_HARDWARE_TIER1 UNITY_HARDWARE_TIER2 UNITY_HARDWARE_TIER3 UNITY_COLORSPACE_GAMMA UNITY_HALF_PRECISION_FRAGMENT_SHADER_REGISTERS UNITY_LIGHTMAP_DLDR_ENCODING UNITY_LIGHTMAP_RGBM_ENCODING UNITY_VIRTUAL_TEXTURING UNITY_PRETRANSFORM_TO_DISPLAY_ORIENTATION UNITY_ASTC_NORMALMAP_ENCODING SHADER_API_GLES30 UNITY_UNIFIED_SHADER_PRECISION_MODEL flags=0 lang=3 type=Vertex platform=d3d11 reqs=33 mask=6 start=237  error: 1 plat 4 at (156): 'LinearEyeDepth': implicit truncation of vector type
  error: 1 plat 4 at (166): 'LinearEyeDepth': implicit truncation of vector type
  error: 1 plat 4 at (188): implicit truncation of vector type
  error: 1 plat 4 at (201): 'CalculateBRDF': implicit truncation of vector type
  error: 1 plat 4 at (205): implicit truncation of vector type
 ok=1 outsize=2834

Cmd: compileSnippet
  insize=10829 file=Assets/MyMaterial/Sea/Custom/CartoonSea pass=Example ppOnly=0 stripLineD=0 buildPlatform=19 rsLen=0 pKW=UNITY_ENABLE_REFLECTION_BUFFERS UNITY_USE_DITHER_MASK_FOR_ALPHABLENDED_SHADOWS UNITY_PBS_USE_BRDF1 UNITY_SPECCUBE_BOX_PROJECTION UNITY_SPECCUBE_BLENDING UNITY_ENABLE_DETAIL_NORMALMAP SHADER_API_DESKTOP UNITY_LIGHT_PROBE_PROXY_VOLUME UNITY_LIGHTMAP_FULL_HDR uKW= dKW=UNITY_NO_DXT5nm UNITY_FRAMEBUFFER_FETCH_AVAILABLE UNITY_METAL_SHADOWS_USE_POINT_FILTERING UNITY_NO_SCREENSPACE_SHADOWS UNITY_PBS_USE_BRDF2 UNITY_PBS_USE_BRDF3 UNITY_NO_FULL_STANDARD_SHADER UNITY_HARDWARE_TIER1 UNITY_HARDWARE_TIER2 UNITY_HARDWARE_TIER3 UNITY_COLORSPACE_GAMMA UNITY_HALF_PRECISION_FRAGMENT_SHADER_REGISTERS UNITY_LIGHTMAP_DLDR_ENCODING UNITY_LIGHTMAP_RGBM_ENCODING UNITY_VIRTUAL_TEXTURING UNITY_PRETRANSFORM_TO_DISPLAY_ORIENTATION UNITY_ASTC_NORMALMAP_ENCODING SHADER_API_GLES30 UNITY_UNIFIED_SHADER_PRECISION_MODEL flags=0 lang=3 type=Fragment platform=d3d11 reqs=33 mask=6 start=334  error: 2 plat 4 at (122): redefinition of 'Varyings'
 ok=0 outsize=0

Cmd: compileSnippet
  insize=10828 file=Assets/MyMaterial/Sea/Custom/CartoonSea pass=Example ppOnly=0 stripLineD=0 buildPlatform=19 rsLen=0 pKW=UNITY_ENABLE_REFLECTION_BUFFERS UNITY_USE_DITHER_MASK_FOR_ALPHABLENDED_SHADOWS UNITY_PBS_USE_BRDF1 UNITY_SPECCUBE_BOX_PROJECTION UNITY_SPECCUBE_BLENDING UNITY_ENABLE_DETAIL_NORMALMAP SHADER_API_DESKTOP UNITY_LIGHT_PROBE_PROXY_VOLUME UNITY_LIGHTMAP_FULL_HDR uKW= dKW=UNITY_NO_DXT5nm UNITY_FRAMEBUFFER_FETCH_AVAILABLE UNITY_METAL_SHADOWS_USE_POINT_FILTERING UNITY_NO_SCREENSPACE_SHADOWS UNITY_PBS_USE_BRDF2 UNITY_PBS_USE_BRDF3 UNITY_NO_FULL_STANDARD_SHADER UNITY_HARDWARE_TIER1 UNITY_HARDWARE_TIER2 UNITY_HARDWARE_TIER3 UNITY_COLORSPACE_GAMMA UNITY_HALF_PRECISION_FRAGMENT_SHADER_REGISTERS UNITY_LIGHTMAP_DLDR_ENCODING UNITY_LIGHTMAP_RGBM_ENCODING UNITY_VIRTUAL_TEXTURING UNITY_PRETRANSFORM_TO_DISPLAY_ORIENTATION UNITY_ASTC_NORMALMAP_ENCODING SHADER_API_GLES30 UNITY_UNIFIED_SHADER_PRECISION_MODEL flags=0 lang=3 type=Fragment platform=d3d11 reqs=33 mask=6 start=334  error: 2 plat 4 at (122): redefinition of 'Varyings'
 ok=0 outsize=0

Cmd: compileSnippet
  insize=10792 file=Assets/MyMaterial/Sea/Custom/CartoonSea pass=Example ppOnly=0 stripLineD=0 buildPlatform=19 rsLen=0 pKW=UNITY_ENABLE_REFLECTION_BUFFERS UNITY_USE_DITHER_MASK_FOR_ALPHABLENDED_SHADOWS UNITY_PBS_USE_BRDF1 UNITY_SPECCUBE_BOX_PROJECTION UNITY_SPECCUBE_BLENDING UNITY_ENABLE_DETAIL_NORMALMAP SHADER_API_DESKTOP UNITY_LIGHT_PROBE_PROXY_VOLUME UNITY_LIGHTMAP_FULL_HDR uKW= dKW=UNITY_NO_DXT5nm UNITY_FRAMEBUFFER_FETCH_AVAILABLE UNITY_METAL_SHADOWS_USE_POINT_FILTERING UNITY_NO_SCREENSPACE_SHADOWS UNITY_PBS_USE_BRDF2 UNITY_PBS_USE_BRDF3 UNITY_NO_FULL_STANDARD_SHADER UNITY_HARDWARE_TIER1 UNITY_HARDWARE_TIER2 UNITY_HARDWARE_TIER3 UNITY_COLORSPACE_GAMMA UNITY_HALF_PRECISION_FRAGMENT_SHADER_REGISTERS UNITY_LIGHTMAP_DLDR_ENCODING UNITY_LIGHTMAP_RGBM_ENCODING UNITY_VIRTUAL_TEXTURING UNITY_PRETRANSFORM_TO_DISPLAY_ORIENTATION UNITY_ASTC_NORMALMAP_ENCODING SHADER_API_GLES30 UNITY_UNIFIED_SHADER_PRECISION_MODEL flags=0 lang=3 type=Fragment platform=d3d11 reqs=33 mask=6 start=330  error: 1 plat 4 at (139): 'TransformObjectToWorld': implicit truncation of vector type
  error: 2 plat 4 at (140): 'distance': identifier represents a variable, not a function
 ok=0 outsize=0

Cmd: compileSnippet
  insize=11385 file=Assets/MyMaterial/Sea/Custom/CartoonSea pass=Example ppOnly=0 stripLineD=0 buildPlatform=19 rsLen=0 pKW=UNITY_ENABLE_REFLECTION_BUFFERS UNITY_USE_DITHER_MASK_FOR_ALPHABLENDED_SHADOWS UNITY_PBS_USE_BRDF1 UNITY_SPECCUBE_BOX_PROJECTION UNITY_SPECCUBE_BLENDING UNITY_ENABLE_DETAIL_NORMALMAP SHADER_API_DESKTOP UNITY_LIGHT_PROBE_PROXY_VOLUME UNITY_LIGHTMAP_FULL_HDR uKW= dKW=UNITY_NO_DXT5nm UNITY_FRAMEBUFFER_FETCH_AVAILABLE UNITY_METAL_SHADOWS_USE_POINT_FILTERING UNITY_NO_SCREENSPACE_SHADOWS UNITY_PBS_USE_BRDF2 UNITY_PBS_USE_BRDF3 UNITY_NO_FULL_STANDARD_SHADER UNITY_HARDWARE_TIER1 UNITY_HARDWARE_TIER2 UNITY_HARDWARE_TIER3 UNITY_COLORSPACE_GAMMA UNITY_HALF_PRECISION_FRAGMENT_SHADER_REGISTERS UNITY_LIGHTMAP_DLDR_ENCODING UNITY_LIGHTMAP_RGBM_ENCODING UNITY_VIRTUAL_TEXTURING UNITY_PRETRANSFORM_TO_DISPLAY_ORIENTATION UNITY_ASTC_NORMALMAP_ENCODING SHADER_API_GLES30 UNITY_UNIFIED_SHADER_PRECISION_MODEL flags=0 lang=3 type=Fragment platform=d3d11 reqs=33 mask=6 start=341  error: 1 plat 4 at (146): 'TransformObjectToWorld': implicit truncation of vector type
  error: 2 plat 4 at (147): 'distance': identifier represents a variable, not a function
 ok=0 outsize=0

Cmd: compileSnippet
  insize=10868 file=Assets/MyMaterial/Sea/Custom/CartoonSea pass=Example ppOnly=0 stripLineD=0 buildPlatform=19 rsLen=0 pKW=UNITY_ENABLE_REFLECTION_BUFFERS UNITY_USE_DITHER_MASK_FOR_ALPHABLENDED_SHADOWS UNITY_PBS_USE_BRDF1 UNITY_SPECCUBE_BOX_PROJECTION UNITY_SPECCUBE_BLENDING UNITY_ENABLE_DETAIL_NORMALMAP SHADER_API_DESKTOP UNITY_LIGHT_PROBE_PROXY_VOLUME UNITY_LIGHTMAP_FULL_HDR uKW= dKW=UNITY_NO_DXT5nm UNITY_FRAMEBUFFER_FETCH_AVAILABLE UNITY_METAL_SHADOWS_USE_POINT_FILTERING UNITY_NO_SCREENSPACE_SHADOWS UNITY_PBS_USE_BRDF2 UNITY_PBS_USE_BRDF3 UNITY_NO_FULL_STANDARD_SHADER UNITY_HARDWARE_TIER1 UNITY_HARDWARE_TIER2 UNITY_HARDWARE_TIER3 UNITY_COLORSPACE_GAMMA UNITY_HALF_PRECISION_FRAGMENT_SHADER_REGISTERS UNITY_LIGHTMAP_DLDR_ENCODING UNITY_LIGHTMAP_RGBM_ENCODING UNITY_VIRTUAL_TEXTURING UNITY_PRETRANSFORM_TO_DISPLAY_ORIENTATION UNITY_ASTC_NORMALMAP_ENCODING SHADER_API_GLES30 UNITY_UNIFIED_SHADER_PRECISION_MODEL flags=0 lang=3 type=Fragment platform=d3d11 reqs=33 mask=6 start=323  error: 1 plat 4 at (146): 'TransformObjectToWorld': implicit truncation of vector type
  error: 1 plat 4 at (196): 'mul': implicit truncation of vector type
  error: 1 plat 4 at (242): 'LinearEyeDepth': implicit truncation of vector type
  error: 1 plat 4 at (252): 'LinearEyeDepth': implicit truncation of vector type
  error: 1 plat 4 at (274): implicit truncation of vector type
  error: 1 plat 4 at (287): 'CalculateBRDF': implicit truncation of vector type
  error: 1 plat 4 at (291): implicit truncation of vector type
 ok=1 outsize=6242

Cmd: compileSnippet
  insize=10857 file=Assets/MyMaterial/Sea/Custom/CartoonSea pass=Example ppOnly=0 stripLineD=0 buildPlatform=19 rsLen=0 pKW=UNITY_ENABLE_REFLECTION_BUFFERS UNITY_USE_DITHER_MASK_FOR_ALPHABLENDED_SHADOWS UNITY_PBS_USE_BRDF1 UNITY_SPECCUBE_BOX_PROJECTION UNITY_SPECCUBE_BLENDING UNITY_ENABLE_DETAIL_NORMALMAP SHADER_API_DESKTOP UNITY_LIGHT_PROBE_PROXY_VOLUME UNITY_LIGHTMAP_FULL_HDR uKW= dKW=UNITY_NO_DXT5nm UNITY_FRAMEBUFFER_FETCH_AVAILABLE UNITY_METAL_SHADOWS_USE_POINT_FILTERING UNITY_NO_SCREENSPACE_SHADOWS UNITY_PBS_USE_BRDF2 UNITY_PBS_USE_BRDF3 UNITY_NO_FULL_STANDARD_SHADER UNITY_HARDWARE_TIER1 UNITY_HARDWARE_TIER2 UNITY_HARDWARE_TIER3 UNITY_COLORSPACE_GAMMA UNITY_HALF_PRECISION_FRAGMENT_SHADER_REGISTERS UNITY_LIGHTMAP_DLDR_ENCODING UNITY_LIGHTMAP_RGBM_ENCODING UNITY_VIRTUAL_TEXTURING UNITY_PRETRANSFORM_TO_DISPLAY_ORIENTATION UNITY_ASTC_NORMALMAP_ENCODING SHADER_API_GLES30 UNITY_UNIFIED_SHADER_PRECISION_MODEL flags=0 lang=3 type=Fragment platform=d3d11 reqs=33 mask=6 start=323  error: 1 plat 4 at (146): 'TransformObjectToWorld': implicit truncation of vector type
  error: 1 plat 4 at (196): 'mul': implicit truncation of vector type
  error: 1 plat 4 at (242): 'LinearEyeDepth': implicit truncation of vector type
  error: 1 plat 4 at (252): 'LinearEyeDepth': implicit truncation of vector type
  error: 1 plat 4 at (274): implicit truncation of vector type
  error: 1 plat 4 at (287): 'CalculateBRDF': implicit truncation of vector type
  error: 1 plat 4 at (291): implicit truncation of vector type
 ok=1 outsize=6242

Cmd: compileSnippet
  insize=10899 file=Assets/MyMaterial/Sea/Custom/CartoonSea pass=Example ppOnly=0 stripLineD=0 buildPlatform=19 rsLen=0 pKW=UNITY_ENABLE_REFLECTION_BUFFERS UNITY_USE_DITHER_MASK_FOR_ALPHABLENDED_SHADOWS UNITY_PBS_USE_BRDF1 UNITY_SPECCUBE_BOX_PROJECTION UNITY_SPECCUBE_BLENDING UNITY_ENABLE_DETAIL_NORMALMAP SHADER_API_DESKTOP UNITY_LIGHT_PROBE_PROXY_VOLUME UNITY_LIGHTMAP_FULL_HDR uKW= dKW=UNITY_NO_DXT5nm UNITY_FRAMEBUFFER_FETCH_AVAILABLE UNITY_METAL_SHADOWS_USE_POINT_FILTERING UNITY_NO_SCREENSPACE_SHADOWS UNITY_PBS_USE_BRDF2 UNITY_PBS_USE_BRDF3 UNITY_NO_FULL_STANDARD_SHADER UNITY_HARDWARE_TIER1 UNITY_HARDWARE_TIER2 UNITY_HARDWARE_TIER3 UNITY_COLORSPACE_GAMMA UNITY_HALF_PRECISION_FRAGMENT_SHADER_REGISTERS UNITY_LIGHTMAP_DLDR_ENCODING UNITY_LIGHTMAP_RGBM_ENCODING UNITY_VIRTUAL_TEXTURING UNITY_PRETRANSFORM_TO_DISPLAY_ORIENTATION UNITY_ASTC_NORMALMAP_ENCODING SHADER_API_GLES30 UNITY_UNIFIED_SHADER_PRECISION_MODEL flags=0 lang=3 type=Fragment platform=d3d11 reqs=33 mask=6 start=324  error: 1 plat 4 at (146): 'TransformObjectToWorld': implicit truncation of vector type
  error: 1 plat 4 at (197): 'mul': implicit truncation of vector type
  error: 1 plat 4 at (243): 'LinearEyeDepth': implicit truncation of vector type
  error: 1 plat 4 at (253): 'LinearEyeDepth': implicit truncation of vector type
  error: 1 plat 4 at (275): implicit truncation of vector type
  error: 1 plat 4 at (288): 'CalculateBRDF': implicit truncation of vector type
  error: 1 plat 4 at (292): implicit truncation of vector type
 ok=1 outsize=6242

Cmd: compileSnippet
  insize=10966 file=Assets/MyMaterial/Sea/Custom/CartoonSea pass=Example ppOnly=0 stripLineD=0 buildPlatform=19 rsLen=0 pKW=UNITY_ENABLE_REFLECTION_BUFFERS UNITY_USE_DITHER_MASK_FOR_ALPHABLENDED_SHADOWS UNITY_PBS_USE_BRDF1 UNITY_SPECCUBE_BOX_PROJECTION UNITY_SPECCUBE_BLENDING UNITY_ENABLE_DETAIL_NORMALMAP SHADER_API_DESKTOP UNITY_LIGHT_PROBE_PROXY_VOLUME UNITY_LIGHTMAP_FULL_HDR uKW= dKW=UNITY_NO_DXT5nm UNITY_FRAMEBUFFER_FETCH_AVAILABLE UNITY_METAL_SHADOWS_USE_POINT_FILTERING UNITY_NO_SCREENSPACE_SHADOWS UNITY_PBS_USE_BRDF2 UNITY_PBS_USE_BRDF3 UNITY_NO_FULL_STANDARD_SHADER UNITY_HARDWARE_TIER1 UNITY_HARDWARE_TIER2 UNITY_HARDWARE_TIER3 UNITY_COLORSPACE_GAMMA UNITY_HALF_PRECISION_FRAGMENT_SHADER_REGISTERS UNITY_LIGHTMAP_DLDR_ENCODING UNITY_LIGHTMAP_RGBM_ENCODING UNITY_VIRTUAL_TEXTURING UNITY_PRETRANSFORM_TO_DISPLAY_ORIENTATION UNITY_ASTC_NORMALMAP_ENCODING SHADER_API_GLES30 UNITY_UNIFIED_SHADER_PRECISION_MODEL flags=0 lang=3 type=Fragment platform=d3d11 reqs=196641 mask=54 start=324  error: 1 plat 4 at (146): 'TransformObjectToWorld': implicit truncation of vector type
  error: 1 plat 4 at (197): 'mul': implicit truncation of vector type
  error: 1 plat 4 at (243): 'LinearEyeDepth': implicit truncation of vector type
  error: 1 plat 4 at (253): 'LinearEyeDepth': implicit truncation of vector type
  error: 1 plat 4 at (275): implicit truncation of vector type
  error: 1 plat 4 at (288): 'CalculateBRDF': implicit truncation of vector type
  error: 1 plat 4 at (292): implicit truncation of vector type
 ok=1 outsize=6294

Cmd: compileSnippet
  insize=10979 file=Assets/MyMaterial/Sea/Custom/CartoonSea pass=Example ppOnly=0 stripLineD=0 buildPlatform=19 rsLen=0 pKW=UNITY_ENABLE_REFLECTION_BUFFERS UNITY_USE_DITHER_MASK_FOR_ALPHABLENDED_SHADOWS UNITY_PBS_USE_BRDF1 UNITY_SPECCUBE_BOX_PROJECTION UNITY_SPECCUBE_BLENDING UNITY_ENABLE_DETAIL_NORMALMAP SHADER_API_DESKTOP UNITY_LIGHT_PROBE_PROXY_VOLUME UNITY_LIGHTMAP_FULL_HDR uKW= dKW=UNITY_NO_DXT5nm UNITY_FRAMEBUFFER_FETCH_AVAILABLE UNITY_METAL_SHADOWS_USE_POINT_FILTERING UNITY_NO_SCREENSPACE_SHADOWS UNITY_PBS_USE_BRDF2 UNITY_PBS_USE_BRDF3 UNITY_NO_FULL_STANDARD_SHADER UNITY_HARDWARE_TIER1 UNITY_HARDWARE_TIER2 UNITY_HARDWARE_TIER3 UNITY_COLORSPACE_GAMMA UNITY_HALF_PRECISION_FRAGMENT_SHADER_REGISTERS UNITY_LIGHTMAP_DLDR_ENCODING UNITY_LIGHTMAP_RGBM_ENCODING UNITY_VIRTUAL_TEXTURING UNITY_PRETRANSFORM_TO_DISPLAY_ORIENTATION UNITY_ASTC_NORMALMAP_ENCODING SHADER_API_GLES30 UNITY_UNIFIED_SHADER_PRECISION_MODEL flags=0 lang=3 type=Fragment platform=d3d11 reqs=196641 mask=54 start=324  error: 1 plat 4 at (146): 'TransformObjectToWorld': implicit truncation of vector type
  error: 1 plat 4 at (197): 'mul': implicit truncation of vector type
  error: 1 plat 4 at (243): 'LinearEyeDepth': implicit truncation of vector type
  error: 1 plat 4 at (253): 'LinearEyeDepth': implicit truncation of vector type
  error: 1 plat 4 at (275): implicit truncation of vector type
  error: 1 plat 4 at (288): 'CalculateBRDF': implicit truncation of vector type
  error: 1 plat 4 at (292): implicit truncation of vector type
 ok=1 outsize=6294

Cmd: compileSnippet
  insize=11600 file=Assets/MyMaterial/Sea/Custom/CartoonSea pass=Example ppOnly=0 stripLineD=0 buildPlatform=19 rsLen=0 pKW=UNITY_ENABLE_REFLECTION_BUFFERS UNITY_USE_DITHER_MASK_FOR_ALPHABLENDED_SHADOWS UNITY_PBS_USE_BRDF1 UNITY_SPECCUBE_BOX_PROJECTION UNITY_SPECCUBE_BLENDING UNITY_ENABLE_DETAIL_NORMALMAP SHADER_API_DESKTOP UNITY_LIGHT_PROBE_PROXY_VOLUME UNITY_LIGHTMAP_FULL_HDR uKW= dKW=UNITY_NO_DXT5nm UNITY_FRAMEBUFFER_FETCH_AVAILABLE UNITY_METAL_SHADOWS_USE_POINT_FILTERING UNITY_NO_SCREENSPACE_SHADOWS UNITY_PBS_USE_BRDF2 UNITY_PBS_USE_BRDF3 UNITY_NO_FULL_STANDARD_SHADER UNITY_HARDWARE_TIER1 UNITY_HARDWARE_TIER2 UNITY_HARDWARE_TIER3 UNITY_COLORSPACE_GAMMA UNITY_HALF_PRECISION_FRAGMENT_SHADER_REGISTERS UNITY_LIGHTMAP_DLDR_ENCODING UNITY_LIGHTMAP_RGBM_ENCODING UNITY_VIRTUAL_TEXTURING UNITY_PRETRANSFORM_TO_DISPLAY_ORIENTATION UNITY_ASTC_NORMALMAP_ENCODING SHADER_API_GLES30 UNITY_UNIFIED_SHADER_PRECISION_MODEL flags=0 lang=3 type=Vertex platform=d3d11 reqs=196641 mask=54 start=337  error: 1 plat 4 at (145): 'TransformObjectToWorld': implicit truncation of vector type
  error: 1 plat 4 at (152): 'TransformObjectToWorld': implicit truncation of vector type
  error: 1 plat 4 at (159): 'TransformObjectToWorld': implicit truncation of vector type
  error: 1 plat 4 at (210): 'mul': implicit truncation of vector type
  error: 1 plat 4 at (256): 'LinearEyeDepth': implicit truncation of vector type
  error: 1 plat 4 at (266): 'LinearEyeDepth': implicit truncation of vector type
  error: 1 plat 4 at (288): implicit truncation of vector type
  error: 1 plat 4 at (301): 'CalculateBRDF': implicit truncation of vector type
  error: 1 plat 4 at (305): implicit truncation of vector type
 ok=1 outsize=582

Cmd: compileSnippet
  insize=11599 file=Assets/MyMaterial/Sea/Custom/CartoonSea pass=Example ppOnly=0 stripLineD=0 buildPlatform=19 rsLen=0 pKW=UNITY_ENABLE_REFLECTION_BUFFERS UNITY_USE_DITHER_MASK_FOR_ALPHABLENDED_SHADOWS UNITY_PBS_USE_BRDF1 UNITY_SPECCUBE_BOX_PROJECTION UNITY_SPECCUBE_BLENDING UNITY_ENABLE_DETAIL_NORMALMAP SHADER_API_DESKTOP UNITY_LIGHT_PROBE_PROXY_VOLUME UNITY_LIGHTMAP_FULL_HDR uKW= dKW=UNITY_NO_DXT5nm UNITY_FRAMEBUFFER_FETCH_AVAILABLE UNITY_METAL_SHADOWS_USE_POINT_FILTERING UNITY_NO_SCREENSPACE_SHADOWS UNITY_PBS_USE_BRDF2 UNITY_PBS_USE_BRDF3 UNITY_NO_FULL_STANDARD_SHADER UNITY_HARDWARE_TIER1 UNITY_HARDWARE_TIER2 UNITY_HARDWARE_TIER3 UNITY_COLORSPACE_GAMMA UNITY_HALF_PRECISION_FRAGMENT_SHADER_REGISTERS UNITY_LIGHTMAP_DLDR_ENCODING UNITY_LIGHTMAP_RGBM_ENCODING UNITY_VIRTUAL_TEXTURING UNITY_PRETRANSFORM_TO_DISPLAY_ORIENTATION UNITY_ASTC_NORMALMAP_ENCODING SHADER_API_GLES30 UNITY_UNIFIED_SHADER_PRECISION_MODEL flags=0 lang=3 type=Vertex platform=d3d11 reqs=196641 mask=54 start=336  error: 1 plat 4 at (145): 'TransformObjectToWorld': implicit truncation of vector type
  error: 1 plat 4 at (152): 'TransformObjectToWorld': implicit truncation of vector type
  error: 1 plat 4 at (159): 'TransformObjectToWorld': implicit truncation of vector type
  error: 1 plat 4 at (209): 'mul': implicit truncation of vector type
  error: 1 plat 4 at (255): 'LinearEyeDepth': implicit truncation of vector type
  error: 1 plat 4 at (265): 'LinearEyeDepth': implicit truncation of vector type
  error: 1 plat 4 at (287): implicit truncation of vector type
  error: 1 plat 4 at (300): 'CalculateBRDF': implicit truncation of vector type
  error: 1 plat 4 at (304): implicit truncation of vector type
 ok=1 outsize=582

Cmd: compileSnippet
  insize=1098 file=Assets/DefaultResourcesExtra/Particles/Standard Unlit pass=ScenePickingPass ppOnly=0 stripLineD=0 buildPlatform=19 rsLen=0 pKW=UNITY_ENABLE_REFLECTION_BUFFERS UNITY_USE_DITHER_MASK_FOR_ALPHABLENDED_SHADOWS UNITY_PBS_USE_BRDF1 UNITY_SPECCUBE_BOX_PROJECTION UNITY_SPECCUBE_BLENDING UNITY_ENABLE_DETAIL_NORMALMAP SHADER_API_DESKTOP UNITY_LIGHT_PROBE_PROXY_VOLUME UNITY_LIGHTMAP_FULL_HDR uKW= dKW=INSTANCING_ON PROCEDURAL_INSTANCING_ON _ALPHATEST_ON _REQUIRE_UV2 UNITY_NO_DXT5nm UNITY_FRAMEBUFFER_FETCH_AVAILABLE UNITY_METAL_SHADOWS_USE_POINT_FILTERING UNITY_NO_SCREENSPACE_SHADOWS UNITY_PBS_USE_BRDF2 UNITY_PBS_USE_BRDF3 UNITY_NO_FULL_STANDARD_SHADER UNITY_HARDWARE_TIER1 UNITY_HARDWARE_TIER2 UNITY_HARDWARE_TIER3 UNITY_COLORSPACE_GAMMA UNITY_HALF_PRECISION_FRAGMENT_SHADER_REGISTERS UNITY_LIGHTMAP_DLDR_ENCODING UNITY_LIGHTMAP_RGBM_ENCODING UNITY_VIRTUAL_TEXTURING UNITY_PRETRANSFORM_TO_DISPLAY_ORIENTATION UNITY_ASTC_NORMALMAP_ENCODING SHADER_API_GLES30 UNITY_UNIFIED_SHADER_PRECISION_MODEL flags=0 lang=0 type=Fragment platform=d3d11 reqs=33 mask=6 start=127 ok=1 outsize=282

Cmd: compileSnippet
  insize=11584 file=Assets/MyMaterial/Sea/Custom/CartoonSea pass=Example ppOnly=0 stripLineD=0 buildPlatform=19 rsLen=0 pKW=UNITY_ENABLE_REFLECTION_BUFFERS UNITY_USE_DITHER_MASK_FOR_ALPHABLENDED_SHADOWS UNITY_PBS_USE_BRDF1 UNITY_SPECCUBE_BOX_PROJECTION UNITY_SPECCUBE_BLENDING UNITY_ENABLE_DETAIL_NORMALMAP SHADER_API_DESKTOP UNITY_LIGHT_PROBE_PROXY_VOLUME UNITY_LIGHTMAP_FULL_HDR uKW= dKW=UNITY_NO_DXT5nm UNITY_FRAMEBUFFER_FETCH_AVAILABLE UNITY_METAL_SHADOWS_USE_POINT_FILTERING UNITY_NO_SCREENSPACE_SHADOWS UNITY_PBS_USE_BRDF2 UNITY_PBS_USE_BRDF3 UNITY_NO_FULL_STANDARD_SHADER UNITY_HARDWARE_TIER1 UNITY_HARDWARE_TIER2 UNITY_HARDWARE_TIER3 UNITY_COLORSPACE_GAMMA UNITY_HALF_PRECISION_FRAGMENT_SHADER_REGISTERS UNITY_LIGHTMAP_DLDR_ENCODING UNITY_LIGHTMAP_RGBM_ENCODING UNITY_VIRTUAL_TEXTURING UNITY_PRETRANSFORM_TO_DISPLAY_ORIENTATION UNITY_ASTC_NORMALMAP_ENCODING SHADER_API_GLES30 UNITY_UNIFIED_SHADER_PRECISION_MODEL flags=0 lang=3 type=Fragment platform=d3d11 reqs=196641 mask=54 start=337  error: 1 plat 4 at (145): 'TransformObjectToWorld': implicit truncation of vector type
  error: 1 plat 4 at (152): 'TransformObjectToWorld': implicit truncation of vector type
  error: 1 plat 4 at (159): 'TransformObjectToWorld': implicit truncation of vector type
  error: 1 plat 4 at (210): 'mul': implicit truncation of vector type
  error: 1 plat 4 at (256): 'LinearEyeDepth': implicit truncation of vector type
  error: 1 plat 4 at (266): 'LinearEyeDepth': implicit truncation of vector type
  error: 1 plat 4 at (288): implicit truncation of vector type
  error: 1 plat 4 at (301): 'CalculateBRDF': implicit truncation of vector type
  error: 1 plat 4 at (305): implicit truncation of vector type
 ok=1 outsize=6294

Cmd: compileSnippet
  insize=11553 file=Assets/MyMaterial/Sea/Custom/CartoonSea pass=Example ppOnly=0 stripLineD=0 buildPlatform=19 rsLen=0 pKW=UNITY_ENABLE_REFLECTION_BUFFERS UNITY_USE_DITHER_MASK_FOR_ALPHABLENDED_SHADOWS UNITY_PBS_USE_BRDF1 UNITY_SPECCUBE_BOX_PROJECTION UNITY_SPECCUBE_BLENDING UNITY_ENABLE_DETAIL_NORMALMAP SHADER_API_DESKTOP UNITY_LIGHT_PROBE_PROXY_VOLUME UNITY_LIGHTMAP_FULL_HDR uKW= dKW=UNITY_NO_DXT5nm UNITY_FRAMEBUFFER_FETCH_AVAILABLE UNITY_METAL_SHADOWS_USE_POINT_FILTERING UNITY_NO_SCREENSPACE_SHADOWS UNITY_PBS_USE_BRDF2 UNITY_PBS_USE_BRDF3 UNITY_NO_FULL_STANDARD_SHADER UNITY_HARDWARE_TIER1 UNITY_HARDWARE_TIER2 UNITY_HARDWARE_TIER3 UNITY_COLORSPACE_GAMMA UNITY_HALF_PRECISION_FRAGMENT_SHADER_REGISTERS UNITY_LIGHTMAP_DLDR_ENCODING UNITY_LIGHTMAP_RGBM_ENCODING UNITY_VIRTUAL_TEXTURING UNITY_PRETRANSFORM_TO_DISPLAY_ORIENTATION UNITY_ASTC_NORMALMAP_ENCODING SHADER_API_GLES30 UNITY_UNIFIED_SHADER_PRECISION_MODEL flags=0 lang=3 type=Fragment platform=d3d11 reqs=196641 mask=54 start=335  error: 1 plat 4 at (143): 'TransformObjectToWorld': implicit truncation of vector type
  error: 2 plat 4 at (144): undeclared identifier '_CartoonSeaCenter'
 ok=0 outsize=0

Cmd: compileSnippet
  insize=11568 file=Assets/MyMaterial/Sea/Custom/CartoonSea pass=Example ppOnly=0 stripLineD=0 buildPlatform=19 rsLen=0 pKW=UNITY_ENABLE_REFLECTION_BUFFERS UNITY_USE_DITHER_MASK_FOR_ALPHABLENDED_SHADOWS UNITY_PBS_USE_BRDF1 UNITY_SPECCUBE_BOX_PROJECTION UNITY_SPECCUBE_BLENDING UNITY_ENABLE_DETAIL_NORMALMAP SHADER_API_DESKTOP UNITY_LIGHT_PROBE_PROXY_VOLUME UNITY_LIGHTMAP_FULL_HDR uKW= dKW=UNITY_NO_DXT5nm UNITY_FRAMEBUFFER_FETCH_AVAILABLE UNITY_METAL_SHADOWS_USE_POINT_FILTERING UNITY_NO_SCREENSPACE_SHADOWS UNITY_PBS_USE_BRDF2 UNITY_PBS_USE_BRDF3 UNITY_NO_FULL_STANDARD_SHADER UNITY_HARDWARE_TIER1 UNITY_HARDWARE_TIER2 UNITY_HARDWARE_TIER3 UNITY_COLORSPACE_GAMMA UNITY_HALF_PRECISION_FRAGMENT_SHADER_REGISTERS UNITY_LIGHTMAP_DLDR_ENCODING UNITY_LIGHTMAP_RGBM_ENCODING UNITY_VIRTUAL_TEXTURING UNITY_PRETRANSFORM_TO_DISPLAY_ORIENTATION UNITY_ASTC_NORMALMAP_ENCODING SHADER_API_GLES30 UNITY_UNIFIED_SHADER_PRECISION_MODEL flags=0 lang=3 type=Fragment platform=d3d11 reqs=196641 mask=54 start=336  error: 1 plat 4 at (144): 'TransformObjectToWorld': implicit truncation of vector type
  error: 1 plat 4 at (151): 'TransformObjectToWorld': implicit truncation of vector type
  error: 1 plat 4 at (158): 'TransformObjectToWorld': implicit truncation of vector type
  error: 1 plat 4 at (209): 'mul': implicit truncation of vector type
  error: 1 plat 4 at (255): 'LinearEyeDepth': implicit truncation of vector type
  error: 1 plat 4 at (265): 'LinearEyeDepth': implicit truncation of vector type
  error: 1 plat 4 at (287): implicit truncation of vector type
  error: 1 plat 4 at (300): 'CalculateBRDF': implicit truncation of vector type
  error: 1 plat 4 at (304): implicit truncation of vector type
 ok=1 outsize=6294

Cmd: compileSnippet
  insize=11587 file=Assets/MyMaterial/Sea/Custom/CartoonSea pass=Example ppOnly=0 stripLineD=0 buildPlatform=19 rsLen=0 pKW=UNITY_ENABLE_REFLECTION_BUFFERS UNITY_USE_DITHER_MASK_FOR_ALPHABLENDED_SHADOWS UNITY_PBS_USE_BRDF1 UNITY_SPECCUBE_BOX_PROJECTION UNITY_SPECCUBE_BLENDING UNITY_ENABLE_DETAIL_NORMALMAP SHADER_API_DESKTOP UNITY_LIGHT_PROBE_PROXY_VOLUME UNITY_LIGHTMAP_FULL_HDR uKW= dKW=UNITY_NO_DXT5nm UNITY_FRAMEBUFFER_FETCH_AVAILABLE UNITY_METAL_SHADOWS_USE_POINT_FILTERING UNITY_NO_SCREENSPACE_SHADOWS UNITY_PBS_USE_BRDF2 UNITY_PBS_USE_BRDF3 UNITY_NO_FULL_STANDARD_SHADER UNITY_HARDWARE_TIER1 UNITY_HARDWARE_TIER2 UNITY_HARDWARE_TIER3 UNITY_COLORSPACE_GAMMA UNITY_HALF_PRECISION_FRAGMENT_SHADER_REGISTERS UNITY_LIGHTMAP_DLDR_ENCODING UNITY_LIGHTMAP_RGBM_ENCODING UNITY_VIRTUAL_TEXTURING UNITY_PRETRANSFORM_TO_DISPLAY_ORIENTATION UNITY_ASTC_NORMALMAP_ENCODING SHADER_API_GLES30 UNITY_UNIFIED_SHADER_PRECISION_MODEL flags=0 lang=3 type=Fragment platform=d3d11 reqs=196641 mask=54 start=336  error: 1 plat 4 at (144): 'TransformObjectToWorld': implicit truncation of vector type
  error: 1 plat 4 at (151): 'TransformObjectToWorld': implicit truncation of vector type
  error: 1 plat 4 at (158): 'TransformObjectToWorld': implicit truncation of vector type
  error: 1 plat 4 at (209): 'mul': implicit truncation of vector type
  error: 1 plat 4 at (255): 'LinearEyeDepth': implicit truncation of vector type
  error: 1 plat 4 at (265): 'LinearEyeDepth': implicit truncation of vector type
  error: 1 plat 4 at (287): implicit truncation of vector type
  error: 1 plat 4 at (300): 'CalculateBRDF': implicit truncation of vector type
  error: 1 plat 4 at (304): implicit truncation of vector type
 ok=1 outsize=6294

Cmd: compileSnippet
  insize=11539 file=Assets/MyMaterial/Sea/Custom/CartoonSea pass=Example ppOnly=0 stripLineD=0 buildPlatform=19 rsLen=0 pKW=UNITY_ENABLE_REFLECTION_BUFFERS UNITY_USE_DITHER_MASK_FOR_ALPHABLENDED_SHADOWS UNITY_PBS_USE_BRDF1 UNITY_SPECCUBE_BOX_PROJECTION UNITY_SPECCUBE_BLENDING UNITY_ENABLE_DETAIL_NORMALMAP SHADER_API_DESKTOP UNITY_LIGHT_PROBE_PROXY_VOLUME UNITY_LIGHTMAP_FULL_HDR uKW= dKW=UNITY_NO_DXT5nm UNITY_FRAMEBUFFER_FETCH_AVAILABLE UNITY_METAL_SHADOWS_USE_POINT_FILTERING UNITY_NO_SCREENSPACE_SHADOWS UNITY_PBS_USE_BRDF2 UNITY_PBS_USE_BRDF3 UNITY_NO_FULL_STANDARD_SHADER UNITY_HARDWARE_TIER1 UNITY_HARDWARE_TIER2 UNITY_HARDWARE_TIER3 UNITY_COLORSPACE_GAMMA UNITY_HALF_PRECISION_FRAGMENT_SHADER_REGISTERS UNITY_LIGHTMAP_DLDR_ENCODING UNITY_LIGHTMAP_RGBM_ENCODING UNITY_VIRTUAL_TEXTURING UNITY_PRETRANSFORM_TO_DISPLAY_ORIENTATION UNITY_ASTC_NORMALMAP_ENCODING SHADER_API_GLES30 UNITY_UNIFIED_SHADER_PRECISION_MODEL flags=0 lang=3 type=Fragment platform=d3d11 reqs=196641 mask=54 start=336  error: 1 plat 4 at (144): 'TransformObjectToWorld': implicit truncation of vector type
  error: 1 plat 4 at (151): 'TransformObjectToWorld': implicit truncation of vector type
  error: 1 plat 4 at (158): 'TransformObjectToWorld': implicit truncation of vector type
  error: 1 plat 4 at (209): 'mul': implicit truncation of vector type
  error: 1 plat 4 at (255): 'LinearEyeDepth': implicit truncation of vector type
  error: 1 plat 4 at (265): 'LinearEyeDepth': implicit truncation of vector type
  error: 1 plat 4 at (287): implicit truncation of vector type
  error: 1 plat 4 at (300): 'CalculateBRDF': implicit truncation of vector type
  error: 1 plat 4 at (304): implicit truncation of vector type
 ok=1 outsize=6294

Cmd: compileSnippet
  insize=11539 file=Assets/MyMaterial/Sea/Custom/CartoonSea pass=Example ppOnly=0 stripLineD=0 buildPlatform=19 rsLen=0 pKW=UNITY_ENABLE_REFLECTION_BUFFERS UNITY_USE_DITHER_MASK_FOR_ALPHABLENDED_SHADOWS UNITY_PBS_USE_BRDF1 UNITY_SPECCUBE_BOX_PROJECTION UNITY_SPECCUBE_BLENDING UNITY_ENABLE_DETAIL_NORMALMAP SHADER_API_DESKTOP UNITY_LIGHT_PROBE_PROXY_VOLUME UNITY_LIGHTMAP_FULL_HDR uKW= dKW=UNITY_NO_DXT5nm UNITY_FRAMEBUFFER_FETCH_AVAILABLE UNITY_METAL_SHADOWS_USE_POINT_FILTERING UNITY_NO_SCREENSPACE_SHADOWS UNITY_PBS_USE_BRDF2 UNITY_PBS_USE_BRDF3 UNITY_NO_FULL_STANDARD_SHADER UNITY_HARDWARE_TIER1 UNITY_HARDWARE_TIER2 UNITY_HARDWARE_TIER3 UNITY_COLORSPACE_GAMMA UNITY_HALF_PRECISION_FRAGMENT_SHADER_REGISTERS UNITY_LIGHTMAP_DLDR_ENCODING UNITY_LIGHTMAP_RGBM_ENCODING UNITY_VIRTUAL_TEXTURING UNITY_PRETRANSFORM_TO_DISPLAY_ORIENTATION UNITY_ASTC_NORMALMAP_ENCODING SHADER_API_GLES30 UNITY_UNIFIED_SHADER_PRECISION_MODEL flags=0 lang=3 type=Hull platform=d3d11 reqs=196641 mask=54 start=336  error: 1 plat 4 at (144): 'TransformObjectToWorld': implicit truncation of vector type
  error: 1 plat 4 at (151): 'TransformObjectToWorld': implicit truncation of vector type
  error: 1 plat 4 at (158): 'TransformObjectToWorld': implicit truncation of vector type
  error: 1 plat 4 at (209): 'mul': implicit truncation of vector type
  error: 1 plat 4 at (255): 'LinearEyeDepth': implicit truncation of vector type
  error: 1 plat 4 at (265): 'LinearEyeDepth': implicit truncation of vector type
  error: 1 plat 4 at (287): implicit truncation of vector type
  error: 1 plat 4 at (300): 'CalculateBRDF': implicit truncation of vector type
  error: 1 plat 4 at (304): implicit truncation of vector type
 ok=1 outsize=2038

Cmd: compileSnippet
  insize=11578 file=Assets/MyMaterial/Sea/Custom/CartoonSea pass=Example ppOnly=0 stripLineD=0 buildPlatform=19 rsLen=0 pKW=UNITY_ENABLE_REFLECTION_BUFFERS UNITY_USE_DITHER_MASK_FOR_ALPHABLENDED_SHADOWS UNITY_PBS_USE_BRDF1 UNITY_SPECCUBE_BOX_PROJECTION UNITY_SPECCUBE_BLENDING UNITY_ENABLE_DETAIL_NORMALMAP SHADER_API_DESKTOP UNITY_LIGHT_PROBE_PROXY_VOLUME UNITY_LIGHTMAP_FULL_HDR uKW= dKW=UNITY_NO_DXT5nm UNITY_FRAMEBUFFER_FETCH_AVAILABLE UNITY_METAL_SHADOWS_USE_POINT_FILTERING UNITY_NO_SCREENSPACE_SHADOWS UNITY_PBS_USE_BRDF2 UNITY_PBS_USE_BRDF3 UNITY_NO_FULL_STANDARD_SHADER UNITY_HARDWARE_TIER1 UNITY_HARDWARE_TIER2 UNITY_HARDWARE_TIER3 UNITY_COLORSPACE_GAMMA UNITY_HALF_PRECISION_FRAGMENT_SHADER_REGISTERS UNITY_LIGHTMAP_DLDR_ENCODING UNITY_LIGHTMAP_RGBM_ENCODING UNITY_VIRTUAL_TEXTURING UNITY_PRETRANSFORM_TO_DISPLAY_ORIENTATION UNITY_ASTC_NORMALMAP_ENCODING SHADER_API_GLES30 UNITY_UNIFIED_SHADER_PRECISION_MODEL flags=0 lang=3 type=Fragment platform=d3d11 reqs=196641 mask=54 start=336  error: 1 plat 4 at (144): 'TransformObjectToWorld': implicit truncation of vector type
  error: 1 plat 4 at (151): 'TransformObjectToWorld': implicit truncation of vector type
  error: 1 plat 4 at (158): 'TransformObjectToWorld': implicit truncation of vector type
  error: 1 plat 4 at (209): 'mul': implicit truncation of vector type
  error: 1 plat 4 at (255): 'LinearEyeDepth': implicit truncation of vector type
  error: 1 plat 4 at (265): 'LinearEyeDepth': implicit truncation of vector type
  error: 1 plat 4 at (287): implicit truncation of vector type
  error: 1 plat 4 at (300): 'CalculateBRDF': implicit truncation of vector type
  error: 1 plat 4 at (304): implicit truncation of vector type
 ok=1 outsize=6294

Cmd: compileSnippet
  insize=11542 file=Assets/MyMaterial/Sea/Custom/CartoonSea pass=Example ppOnly=0 stripLineD=0 buildPlatform=19 rsLen=0 pKW=UNITY_ENABLE_REFLECTION_BUFFERS UNITY_USE_DITHER_MASK_FOR_ALPHABLENDED_SHADOWS UNITY_PBS_USE_BRDF1 UNITY_SPECCUBE_BOX_PROJECTION UNITY_SPECCUBE_BLENDING UNITY_ENABLE_DETAIL_NORMALMAP SHADER_API_DESKTOP UNITY_LIGHT_PROBE_PROXY_VOLUME UNITY_LIGHTMAP_FULL_HDR uKW= dKW=UNITY_NO_DXT5nm UNITY_FRAMEBUFFER_FETCH_AVAILABLE UNITY_METAL_SHADOWS_USE_POINT_FILTERING UNITY_NO_SCREENSPACE_SHADOWS UNITY_PBS_USE_BRDF2 UNITY_PBS_USE_BRDF3 UNITY_NO_FULL_STANDARD_SHADER UNITY_HARDWARE_TIER1 UNITY_HARDWARE_TIER2 UNITY_HARDWARE_TIER3 UNITY_COLORSPACE_GAMMA UNITY_HALF_PRECISION_FRAGMENT_SHADER_REGISTERS UNITY_LIGHTMAP_DLDR_ENCODING UNITY_LIGHTMAP_RGBM_ENCODING UNITY_VIRTUAL_TEXTURING UNITY_PRETRANSFORM_TO_DISPLAY_ORIENTATION UNITY_ASTC_NORMALMAP_ENCODING SHADER_API_GLES30 UNITY_UNIFIED_SHADER_PRECISION_MODEL flags=0 lang=3 type=Fragment platform=d3d11 reqs=196641 mask=54 start=336  error: 1 plat 4 at (144): 'TransformObjectToWorld': implicit truncation of vector type
  error: 1 plat 4 at (151): 'TransformObjectToWorld': implicit truncation of vector type
  error: 1 plat 4 at (158): 'TransformObjectToWorld': implicit truncation of vector type
  error: 1 plat 4 at (209): 'mul': implicit truncation of vector type
  error: 1 plat 4 at (255): 'LinearEyeDepth': implicit truncation of vector type
  error: 1 plat 4 at (265): 'LinearEyeDepth': implicit truncation of vector type
  error: 1 plat 4 at (287): implicit truncation of vector type
  error: 1 plat 4 at (300): 'CalculateBRDF': implicit truncation of vector type
  error: 1 plat 4 at (304): implicit truncation of vector type
 ok=1 outsize=6294

Cmd: compileSnippet
  insize=11550 file=Assets/MyMaterial/Sea/Custom/CartoonSea pass=Example ppOnly=0 stripLineD=0 buildPlatform=19 rsLen=0 pKW=UNITY_ENABLE_REFLECTION_BUFFERS UNITY_USE_DITHER_MASK_FOR_ALPHABLENDED_SHADOWS UNITY_PBS_USE_BRDF1 UNITY_SPECCUBE_BOX_PROJECTION UNITY_SPECCUBE_BLENDING UNITY_ENABLE_DETAIL_NORMALMAP SHADER_API_DESKTOP UNITY_LIGHT_PROBE_PROXY_VOLUME UNITY_LIGHTMAP_FULL_HDR uKW= dKW=UNITY_NO_DXT5nm UNITY_FRAMEBUFFER_FETCH_AVAILABLE UNITY_METAL_SHADOWS_USE_POINT_FILTERING UNITY_NO_SCREENSPACE_SHADOWS UNITY_PBS_USE_BRDF2 UNITY_PBS_USE_BRDF3 UNITY_NO_FULL_STANDARD_SHADER UNITY_HARDWARE_TIER1 UNITY_HARDWARE_TIER2 UNITY_HARDWARE_TIER3 UNITY_COLORSPACE_GAMMA UNITY_HALF_PRECISION_FRAGMENT_SHADER_REGISTERS UNITY_LIGHTMAP_DLDR_ENCODING UNITY_LIGHTMAP_RGBM_ENCODING UNITY_VIRTUAL_TEXTURING UNITY_PRETRANSFORM_TO_DISPLAY_ORIENTATION UNITY_ASTC_NORMALMAP_ENCODING SHADER_API_GLES30 UNITY_UNIFIED_SHADER_PRECISION_MODEL flags=0 lang=3 type=Fragment platform=d3d11 reqs=196641 mask=54 start=336  error: 1 plat 4 at (144): 'TransformObjectToWorld': implicit truncation of vector type
  error: 1 plat 4 at (151): 'TransformObjectToWorld': implicit truncation of vector type
  error: 1 plat 4 at (158): 'TransformObjectToWorld': implicit truncation of vector type
  error: 1 plat 4 at (209): 'mul': implicit truncation of vector type
  error: 1 plat 4 at (255): 'LinearEyeDepth': implicit truncation of vector type
  error: 1 plat 4 at (265): 'LinearEyeDepth': implicit truncation of vector type
  error: 1 plat 4 at (287): implicit truncation of vector type
  error: 1 plat 4 at (300): 'CalculateBRDF': implicit truncation of vector type
  error: 1 plat 4 at (304): implicit truncation of vector type
 ok=1 outsize=6294

Cmd: compileSnippet
  insize=11511 file=Assets/MyMaterial/Sea/Custom/CartoonSea pass=Example ppOnly=0 stripLineD=0 buildPlatform=19 rsLen=0 pKW=UNITY_ENABLE_REFLECTION_BUFFERS UNITY_USE_DITHER_MASK_FOR_ALPHABLENDED_SHADOWS UNITY_PBS_USE_BRDF1 UNITY_SPECCUBE_BOX_PROJECTION UNITY_SPECCUBE_BLENDING UNITY_ENABLE_DETAIL_NORMALMAP SHADER_API_DESKTOP UNITY_LIGHT_PROBE_PROXY_VOLUME UNITY_LIGHTMAP_FULL_HDR uKW= dKW=UNITY_NO_DXT5nm UNITY_FRAMEBUFFER_FETCH_AVAILABLE UNITY_METAL_SHADOWS_USE_POINT_FILTERING UNITY_NO_SCREENSPACE_SHADOWS UNITY_PBS_USE_BRDF2 UNITY_PBS_USE_BRDF3 UNITY_NO_FULL_STANDARD_SHADER UNITY_HARDWARE_TIER1 UNITY_HARDWARE_TIER2 UNITY_HARDWARE_TIER3 UNITY_COLORSPACE_GAMMA UNITY_HALF_PRECISION_FRAGMENT_SHADER_REGISTERS UNITY_LIGHTMAP_DLDR_ENCODING UNITY_LIGHTMAP_RGBM_ENCODING UNITY_VIRTUAL_TEXTURING UNITY_PRETRANSFORM_TO_DISPLAY_ORIENTATION UNITY_ASTC_NORMALMAP_ENCODING SHADER_API_GLES30 UNITY_UNIFIED_SHADER_PRECISION_MODEL flags=0 lang=3 type=Fragment platform=d3d11 reqs=196641 mask=54 start=336  error: 1 plat 4 at (144): 'TransformObjectToWorld': implicit truncation of vector type
  error: 1 plat 4 at (151): 'TransformObjectToWorld': implicit truncation of vector type
  error: 1 plat 4 at (158): 'TransformObjectToWorld': implicit truncation of vector type
  error: 1 plat 4 at (209): 'mul': implicit truncation of vector type
  error: 1 plat 4 at (255): 'LinearEyeDepth': implicit truncation of vector type
  error: 1 plat 4 at (265): 'LinearEyeDepth': implicit truncation of vector type
  error: 1 plat 4 at (287): implicit truncation of vector type
  error: 1 plat 4 at (300): 'CalculateBRDF': implicit truncation of vector type
  error: 1 plat 4 at (304): implicit truncation of vector type
 ok=1 outsize=6294

Cmd: compileSnippet
  insize=11551 file=Assets/MyMaterial/Sea/Custom/CartoonSea pass=Example ppOnly=0 stripLineD=0 buildPlatform=19 rsLen=0 pKW=UNITY_ENABLE_REFLECTION_BUFFERS UNITY_USE_DITHER_MASK_FOR_ALPHABLENDED_SHADOWS UNITY_PBS_USE_BRDF1 UNITY_SPECCUBE_BOX_PROJECTION UNITY_SPECCUBE_BLENDING UNITY_ENABLE_DETAIL_NORMALMAP SHADER_API_DESKTOP UNITY_LIGHT_PROBE_PROXY_VOLUME UNITY_LIGHTMAP_FULL_HDR uKW= dKW=UNITY_NO_DXT5nm UNITY_FRAMEBUFFER_FETCH_AVAILABLE UNITY_METAL_SHADOWS_USE_POINT_FILTERING UNITY_NO_SCREENSPACE_SHADOWS UNITY_PBS_USE_BRDF2 UNITY_PBS_USE_BRDF3 UNITY_NO_FULL_STANDARD_SHADER UNITY_HARDWARE_TIER1 UNITY_HARDWARE_TIER2 UNITY_HARDWARE_TIER3 UNITY_COLORSPACE_GAMMA UNITY_HALF_PRECISION_FRAGMENT_SHADER_REGISTERS UNITY_LIGHTMAP_DLDR_ENCODING UNITY_LIGHTMAP_RGBM_ENCODING UNITY_VIRTUAL_TEXTURING UNITY_PRETRANSFORM_TO_DISPLAY_ORIENTATION UNITY_ASTC_NORMALMAP_ENCODING SHADER_API_GLES30 UNITY_UNIFIED_SHADER_PRECISION_MODEL flags=0 lang=3 type=Fragment platform=d3d11 reqs=196641 mask=54 start=336  error: 1 plat 4 at (144): 'TransformObjectToWorld': implicit truncation of vector type
  error: 1 plat 4 at (151): 'TransformObjectToWorld': implicit truncation of vector type
  error: 1 plat 4 at (158): 'TransformObjectToWorld': implicit truncation of vector type
  error: 1 plat 4 at (209): 'mul': implicit truncation of vector type
  error: 1 plat 4 at (255): 'LinearEyeDepth': implicit truncation of vector type
  error: 1 plat 4 at (265): 'LinearEyeDepth': implicit truncation of vector type
  error: 1 plat 4 at (287): implicit truncation of vector type
  error: 1 plat 4 at (300): 'CalculateBRDF': implicit truncation of vector type
  error: 1 plat 4 at (304): implicit truncation of vector type
 ok=1 outsize=6294

Cmd: compileSnippet
  insize=11550 file=Assets/MyMaterial/Sea/Custom/CartoonSea pass=Example ppOnly=0 stripLineD=0 buildPlatform=19 rsLen=0 pKW=UNITY_ENABLE_REFLECTION_BUFFERS UNITY_USE_DITHER_MASK_FOR_ALPHABLENDED_SHADOWS UNITY_PBS_USE_BRDF1 UNITY_SPECCUBE_BOX_PROJECTION UNITY_SPECCUBE_BLENDING UNITY_ENABLE_DETAIL_NORMALMAP SHADER_API_DESKTOP UNITY_LIGHT_PROBE_PROXY_VOLUME UNITY_LIGHTMAP_FULL_HDR uKW= dKW=UNITY_NO_DXT5nm UNITY_FRAMEBUFFER_FETCH_AVAILABLE UNITY_METAL_SHADOWS_USE_POINT_FILTERING UNITY_NO_SCREENSPACE_SHADOWS UNITY_PBS_USE_BRDF2 UNITY_PBS_USE_BRDF3 UNITY_NO_FULL_STANDARD_SHADER UNITY_HARDWARE_TIER1 UNITY_HARDWARE_TIER2 UNITY_HARDWARE_TIER3 UNITY_COLORSPACE_GAMMA UNITY_HALF_PRECISION_FRAGMENT_SHADER_REGISTERS UNITY_LIGHTMAP_DLDR_ENCODING UNITY_LIGHTMAP_RGBM_ENCODING UNITY_VIRTUAL_TEXTURING UNITY_PRETRANSFORM_TO_DISPLAY_ORIENTATION UNITY_ASTC_NORMALMAP_ENCODING SHADER_API_GLES30 UNITY_UNIFIED_SHADER_PRECISION_MODEL flags=0 lang=3 type=Fragment platform=d3d11 reqs=196641 mask=54 start=336  error: 1 plat 4 at (144): 'TransformObjectToWorld': implicit truncation of vector type
  error: 1 plat 4 at (151): 'TransformObjectToWorld': implicit truncation of vector type
  error: 1 plat 4 at (158): 'TransformObjectToWorld': implicit truncation of vector type
  error: 1 plat 4 at (209): 'mul': implicit truncation of vector type
  error: 1 plat 4 at (255): 'LinearEyeDepth': implicit truncation of vector type
  error: 1 plat 4 at (265): 'LinearEyeDepth': implicit truncation of vector type
  error: 1 plat 4 at (287): implicit truncation of vector type
  error: 1 plat 4 at (300): 'CalculateBRDF': implicit truncation of vector type
  error: 1 plat 4 at (304): implicit truncation of vector type
 ok=1 outsize=6294

Cmd: compileSnippet
  insize=11547 file=Assets/MyMaterial/Sea/Custom/CartoonSea pass=Example ppOnly=0 stripLineD=0 buildPlatform=19 rsLen=0 pKW=UNITY_ENABLE_REFLECTION_BUFFERS UNITY_USE_DITHER_MASK_FOR_ALPHABLENDED_SHADOWS UNITY_PBS_USE_BRDF1 UNITY_SPECCUBE_BOX_PROJECTION UNITY_SPECCUBE_BLENDING UNITY_ENABLE_DETAIL_NORMALMAP SHADER_API_DESKTOP UNITY_LIGHT_PROBE_PROXY_VOLUME UNITY_LIGHTMAP_FULL_HDR uKW= dKW=UNITY_NO_DXT5nm UNITY_FRAMEBUFFER_FETCH_AVAILABLE UNITY_METAL_SHADOWS_USE_POINT_FILTERING UNITY_NO_SCREENSPACE_SHADOWS UNITY_PBS_USE_BRDF2 UNITY_PBS_USE_BRDF3 UNITY_NO_FULL_STANDARD_SHADER UNITY_HARDWARE_TIER1 UNITY_HARDWARE_TIER2 UNITY_HARDWARE_TIER3 UNITY_COLORSPACE_GAMMA UNITY_HALF_PRECISION_FRAGMENT_SHADER_REGISTERS UNITY_LIGHTMAP_DLDR_ENCODING UNITY_LIGHTMAP_RGBM_ENCODING UNITY_VIRTUAL_TEXTURING UNITY_PRETRANSFORM_TO_DISPLAY_ORIENTATION UNITY_ASTC_NORMALMAP_ENCODING SHADER_API_GLES30 UNITY_UNIFIED_SHADER_PRECISION_MODEL flags=0 lang=3 type=Fragment platform=d3d11 reqs=196641 mask=54 start=336  error: 1 plat 4 at (144): 'TransformObjectToWorld': implicit truncation of vector type
  error: 1 plat 4 at (151): 'TransformObjectToWorld': implicit truncation of vector type
  error: 1 plat 4 at (158): 'TransformObjectToWorld': implicit truncation of vector type
  error: 1 plat 4 at (209): 'mul': implicit truncation of vector type
  error: 1 plat 4 at (255): 'LinearEyeDepth': implicit truncation of vector type
  error: 1 plat 4 at (265): 'LinearEyeDepth': implicit truncation of vector type
  error: 1 plat 4 at (287): implicit truncation of vector type
  error: 1 plat 4 at (300): 'CalculateBRDF': implicit truncation of vector type
  error: 1 plat 4 at (304): implicit truncation of vector type
 ok=1 outsize=6294

Cmd: compileSnippet
  insize=11464 file=Assets/MyMaterial/Sea/Custom/CartoonSea pass=Example ppOnly=0 stripLineD=0 buildPlatform=19 rsLen=0 pKW=UNITY_ENABLE_REFLECTION_BUFFERS UNITY_USE_DITHER_MASK_FOR_ALPHABLENDED_SHADOWS UNITY_PBS_USE_BRDF1 UNITY_SPECCUBE_BOX_PROJECTION UNITY_SPECCUBE_BLENDING UNITY_ENABLE_DETAIL_NORMALMAP SHADER_API_DESKTOP UNITY_LIGHT_PROBE_PROXY_VOLUME UNITY_LIGHTMAP_FULL_HDR uKW= dKW=UNITY_NO_DXT5nm UNITY_FRAMEBUFFER_FETCH_AVAILABLE UNITY_METAL_SHADOWS_USE_POINT_FILTERING UNITY_NO_SCREENSPACE_SHADOWS UNITY_PBS_USE_BRDF2 UNITY_PBS_USE_BRDF3 UNITY_NO_FULL_STANDARD_SHADER UNITY_HARDWARE_TIER1 UNITY_HARDWARE_TIER2 UNITY_HARDWARE_TIER3 UNITY_COLORSPACE_GAMMA UNITY_HALF_PRECISION_FRAGMENT_SHADER_REGISTERS UNITY_LIGHTMAP_DLDR_ENCODING UNITY_LIGHTMAP_RGBM_ENCODING UNITY_VIRTUAL_TEXTURING UNITY_PRETRANSFORM_TO_DISPLAY_ORIENTATION UNITY_ASTC_NORMALMAP_ENCODING SHADER_API_GLES30 UNITY_UNIFIED_SHADER_PRECISION_MODEL flags=0 lang=3 type=Fragment platform=d3d11 reqs=196641 mask=54 start=336  error: 1 plat 4 at (144): 'TransformObjectToWorld': implicit truncation of vector type
  error: 1 plat 4 at (151): 'TransformObjectToWorld': implicit truncation of vector type
  error: 1 plat 4 at (158): 'TransformObjectToWorld': implicit truncation of vector type
  error: 1 plat 4 at (209): 'mul': implicit truncation of vector type
  error: 1 plat 4 at (255): 'LinearEyeDepth': implicit truncation of vector type
  error: 1 plat 4 at (265): 'LinearEyeDepth': implicit truncation of vector type
  error: 1 plat 4 at (287): implicit truncation of vector type
  error: 1 plat 4 at (300): 'CalculateBRDF': implicit truncation of vector type
  error: 1 plat 4 at (304): implicit truncation of vector type
 ok=1 outsize=6294

Cmd: compileSnippet
  insize=11539 file=Assets/MyMaterial/Sea/Custom/CartoonSea pass=Example ppOnly=0 stripLineD=0 buildPlatform=19 rsLen=0 pKW=UNITY_ENABLE_REFLECTION_BUFFERS UNITY_USE_DITHER_MASK_FOR_ALPHABLENDED_SHADOWS UNITY_PBS_USE_BRDF1 UNITY_SPECCUBE_BOX_PROJECTION UNITY_SPECCUBE_BLENDING UNITY_ENABLE_DETAIL_NORMALMAP SHADER_API_DESKTOP UNITY_LIGHT_PROBE_PROXY_VOLUME UNITY_LIGHTMAP_FULL_HDR uKW= dKW=UNITY_NO_DXT5nm UNITY_FRAMEBUFFER_FETCH_AVAILABLE UNITY_METAL_SHADOWS_USE_POINT_FILTERING UNITY_NO_SCREENSPACE_SHADOWS UNITY_PBS_USE_BRDF2 UNITY_PBS_USE_BRDF3 UNITY_NO_FULL_STANDARD_SHADER UNITY_HARDWARE_TIER1 UNITY_HARDWARE_TIER2 UNITY_HARDWARE_TIER3 UNITY_COLORSPACE_GAMMA UNITY_HALF_PRECISION_FRAGMENT_SHADER_REGISTERS UNITY_LIGHTMAP_DLDR_ENCODING UNITY_LIGHTMAP_RGBM_ENCODING UNITY_VIRTUAL_TEXTURING UNITY_PRETRANSFORM_TO_DISPLAY_ORIENTATION UNITY_ASTC_NORMALMAP_ENCODING SHADER_API_GLES30 UNITY_UNIFIED_SHADER_PRECISION_MODEL flags=0 lang=3 type=Hull platform=d3d11 reqs=196641 mask=54 start=334  error: 1 plat 4 at (144): 'TransformObjectToWorld': implicit truncation of vector type
  error: 1 plat 4 at (150): 'TransformObjectToWorld': implicit truncation of vector type
  error: 1 plat 4 at (156): 'TransformObjectToWorld': implicit truncation of vector type
  error: 1 plat 4 at (207): 'mul': implicit truncation of vector type
  error: 1 plat 4 at (253): 'LinearEyeDepth': implicit truncation of vector type
  error: 1 plat 4 at (263): 'LinearEyeDepth': implicit truncation of vector type
  error: 1 plat 4 at (285): implicit truncation of vector type
  error: 1 plat 4 at (298): 'CalculateBRDF': implicit truncation of vector type
  error: 1 plat 4 at (302): implicit truncation of vector type
 ok=1 outsize=1078

Cmd: compileSnippet
  insize=11461 file=Assets/MyMaterial/Sea/Custom/CartoonSea pass=Example ppOnly=0 stripLineD=0 buildPlatform=19 rsLen=0 pKW=UNITY_ENABLE_REFLECTION_BUFFERS UNITY_USE_DITHER_MASK_FOR_ALPHABLENDED_SHADOWS UNITY_PBS_USE_BRDF1 UNITY_SPECCUBE_BOX_PROJECTION UNITY_SPECCUBE_BLENDING UNITY_ENABLE_DETAIL_NORMALMAP SHADER_API_DESKTOP UNITY_LIGHT_PROBE_PROXY_VOLUME UNITY_LIGHTMAP_FULL_HDR uKW= dKW=UNITY_NO_DXT5nm UNITY_FRAMEBUFFER_FETCH_AVAILABLE UNITY_METAL_SHADOWS_USE_POINT_FILTERING UNITY_NO_SCREENSPACE_SHADOWS UNITY_PBS_USE_BRDF2 UNITY_PBS_USE_BRDF3 UNITY_NO_FULL_STANDARD_SHADER UNITY_HARDWARE_TIER1 UNITY_HARDWARE_TIER2 UNITY_HARDWARE_TIER3 UNITY_COLORSPACE_GAMMA UNITY_HALF_PRECISION_FRAGMENT_SHADER_REGISTERS UNITY_LIGHTMAP_DLDR_ENCODING UNITY_LIGHTMAP_RGBM_ENCODING UNITY_VIRTUAL_TEXTURING UNITY_PRETRANSFORM_TO_DISPLAY_ORIENTATION UNITY_ASTC_NORMALMAP_ENCODING SHADER_API_GLES30 UNITY_UNIFIED_SHADER_PRECISION_MODEL flags=0 lang=3 type=Fragment platform=d3d11 reqs=196641 mask=54 start=333  error: 1 plat 4 at (144): 'TransformObjectToWorld': implicit truncation of vector type
  error: 1 plat 4 at (150): 'TransformObjectToWorld': implicit truncation of vector type
  error: 1 plat 4 at (156): 'TransformObjectToWorld': implicit truncation of vector type
  error: 1 plat 4 at (206): 'mul': implicit truncation of vector type
  error: 1 plat 4 at (252): 'LinearEyeDepth': implicit truncation of vector type
  error: 1 plat 4 at (262): 'LinearEyeDepth': implicit truncation of vector type
  error: 1 plat 4 at (284): implicit truncation of vector type
  error: 1 plat 4 at (297): 'CalculateBRDF': implicit truncation of vector type
  error: 1 plat 4 at (301): implicit truncation of vector type
 ok=1 outsize=6294

Cmd: compileSnippet
  insize=11452 file=Assets/MyMaterial/Sea/Custom/CartoonSea pass=Example ppOnly=0 stripLineD=0 buildPlatform=19 rsLen=0 pKW=UNITY_ENABLE_REFLECTION_BUFFERS UNITY_USE_DITHER_MASK_FOR_ALPHABLENDED_SHADOWS UNITY_PBS_USE_BRDF1 UNITY_SPECCUBE_BOX_PROJECTION UNITY_SPECCUBE_BLENDING UNITY_ENABLE_DETAIL_NORMALMAP SHADER_API_DESKTOP UNITY_LIGHT_PROBE_PROXY_VOLUME UNITY_LIGHTMAP_FULL_HDR uKW= dKW=UNITY_NO_DXT5nm UNITY_FRAMEBUFFER_FETCH_AVAILABLE UNITY_METAL_SHADOWS_USE_POINT_FILTERING UNITY_NO_SCREENSPACE_SHADOWS UNITY_PBS_USE_BRDF2 UNITY_PBS_USE_BRDF3 UNITY_NO_FULL_STANDARD_SHADER UNITY_HARDWARE_TIER1 UNITY_HARDWARE_TIER2 UNITY_HARDWARE_TIER3 UNITY_COLORSPACE_GAMMA UNITY_HALF_PRECISION_FRAGMENT_SHADER_REGISTERS UNITY_LIGHTMAP_DLDR_ENCODING UNITY_LIGHTMAP_RGBM_ENCODING UNITY_VIRTUAL_TEXTURING UNITY_PRETRANSFORM_TO_DISPLAY_ORIENTATION UNITY_ASTC_NORMALMAP_ENCODING SHADER_API_GLES30 UNITY_UNIFIED_SHADER_PRECISION_MODEL flags=0 lang=3 type=Fragment platform=d3d11 reqs=196641 mask=54 start=333  error: 1 plat 4 at (144): 'TransformObjectToWorld': implicit truncation of vector type
  error: 1 plat 4 at (150): 'TransformObjectToWorld': implicit truncation of vector type
  error: 1 plat 4 at (156): 'TransformObjectToWorld': implicit truncation of vector type
  error: 1 plat 4 at (206): 'mul': implicit truncation of vector type
  error: 1 plat 4 at (252): 'LinearEyeDepth': implicit truncation of vector type
  error: 1 plat 4 at (262): 'LinearEyeDepth': implicit truncation of vector type
  error: 1 plat 4 at (284): implicit truncation of vector type
  error: 1 plat 4 at (297): 'CalculateBRDF': implicit truncation of vector type
  error: 1 plat 4 at (301): implicit truncation of vector type
 ok=1 outsize=6294

Cmd: compileSnippet
  insize=11480 file=Assets/MyMaterial/Sea/Custom/CartoonSea pass=Example ppOnly=0 stripLineD=0 buildPlatform=19 rsLen=0 pKW=UNITY_ENABLE_REFLECTION_BUFFERS UNITY_USE_DITHER_MASK_FOR_ALPHABLENDED_SHADOWS UNITY_PBS_USE_BRDF1 UNITY_SPECCUBE_BOX_PROJECTION UNITY_SPECCUBE_BLENDING UNITY_ENABLE_DETAIL_NORMALMAP SHADER_API_DESKTOP UNITY_LIGHT_PROBE_PROXY_VOLUME UNITY_LIGHTMAP_FULL_HDR uKW= dKW=UNITY_NO_DXT5nm UNITY_FRAMEBUFFER_FETCH_AVAILABLE UNITY_METAL_SHADOWS_USE_POINT_FILTERING UNITY_NO_SCREENSPACE_SHADOWS UNITY_PBS_USE_BRDF2 UNITY_PBS_USE_BRDF3 UNITY_NO_FULL_STANDARD_SHADER UNITY_HARDWARE_TIER1 UNITY_HARDWARE_TIER2 UNITY_HARDWARE_TIER3 UNITY_COLORSPACE_GAMMA UNITY_HALF_PRECISION_FRAGMENT_SHADER_REGISTERS UNITY_LIGHTMAP_DLDR_ENCODING UNITY_LIGHTMAP_RGBM_ENCODING UNITY_VIRTUAL_TEXTURING UNITY_PRETRANSFORM_TO_DISPLAY_ORIENTATION UNITY_ASTC_NORMALMAP_ENCODING SHADER_API_GLES30 UNITY_UNIFIED_SHADER_PRECISION_MODEL flags=0 lang=3 type=Fragment platform=d3d11 reqs=196641 mask=54 start=335  error: 1 plat 4 at (146): 'TransformObjectToWorld': implicit truncation of vector type
  error: 1 plat 4 at (152): 'TransformObjectToWorld': implicit truncation of vector type
  error: 1 plat 4 at (158): 'TransformObjectToWorld': implicit truncation of vector type
  error: 1 plat 4 at (208): 'mul': implicit truncation of vector type
  error: 1 plat 4 at (254): 'LinearEyeDepth': implicit truncation of vector type
  error: 1 plat 4 at (264): 'LinearEyeDepth': implicit truncation of vector type
  error: 1 plat 4 at (286): implicit truncation of vector type
  error: 1 plat 4 at (299): 'CalculateBRDF': implicit truncation of vector type
  error: 1 plat 4 at (303): implicit truncation of vector type
 ok=1 outsize=6294

Cmd: compileSnippet
  insize=11465 file=Assets/MyMaterial/Sea/Custom/CartoonSea pass=Example ppOnly=0 stripLineD=0 buildPlatform=19 rsLen=0 pKW=UNITY_ENABLE_REFLECTION_BUFFERS UNITY_USE_DITHER_MASK_FOR_ALPHABLENDED_SHADOWS UNITY_PBS_USE_BRDF1 UNITY_SPECCUBE_BOX_PROJECTION UNITY_SPECCUBE_BLENDING UNITY_ENABLE_DETAIL_NORMALMAP SHADER_API_DESKTOP UNITY_LIGHT_PROBE_PROXY_VOLUME UNITY_LIGHTMAP_FULL_HDR uKW= dKW=UNITY_NO_DXT5nm UNITY_FRAMEBUFFER_FETCH_AVAILABLE UNITY_METAL_SHADOWS_USE_POINT_FILTERING UNITY_NO_SCREENSPACE_SHADOWS UNITY_PBS_USE_BRDF2 UNITY_PBS_USE_BRDF3 UNITY_NO_FULL_STANDARD_SHADER UNITY_HARDWARE_TIER1 UNITY_HARDWARE_TIER2 UNITY_HARDWARE_TIER3 UNITY_COLORSPACE_GAMMA UNITY_HALF_PRECISION_FRAGMENT_SHADER_REGISTERS UNITY_LIGHTMAP_DLDR_ENCODING UNITY_LIGHTMAP_RGBM_ENCODING UNITY_VIRTUAL_TEXTURING UNITY_PRETRANSFORM_TO_DISPLAY_ORIENTATION UNITY_ASTC_NORMALMAP_ENCODING SHADER_API_GLES30 UNITY_UNIFIED_SHADER_PRECISION_MODEL flags=0 lang=3 type=Fragment platform=d3d11 reqs=196641 mask=54 start=335  error: 1 plat 4 at (146): 'TransformObjectToWorld': implicit truncation of vector type
  error: 2 plat 4 at (148): 'lerp': no matching 0 parameter intrinsic function; Possible intrinsic functions are: lerp(float|half|min10float|min16float, float|half|min10float|min16float, float|half|min10float|min16float)
  error: 2 plat 4 at (150): syntax error: unexpected token 'f'
 ok=0 outsize=0

Cmd: compileSnippet
  insize=11775 file=Assets/MyMaterial/Sea/Custom/CartoonSea pass=Example ppOnly=0 stripLineD=0 buildPlatform=19 rsLen=0 pKW=UNITY_ENABLE_REFLECTION_BUFFERS UNITY_USE_DITHER_MASK_FOR_ALPHABLENDED_SHADOWS UNITY_PBS_USE_BRDF1 UNITY_SPECCUBE_BOX_PROJECTION UNITY_SPECCUBE_BLENDING UNITY_ENABLE_DETAIL_NORMALMAP SHADER_API_DESKTOP UNITY_LIGHT_PROBE_PROXY_VOLUME UNITY_LIGHTMAP_FULL_HDR uKW= dKW=UNITY_NO_DXT5nm UNITY_FRAMEBUFFER_FETCH_AVAILABLE UNITY_METAL_SHADOWS_USE_POINT_FILTERING UNITY_NO_SCREENSPACE_SHADOWS UNITY_PBS_USE_BRDF2 UNITY_PBS_USE_BRDF3 UNITY_NO_FULL_STANDARD_SHADER UNITY_HARDWARE_TIER1 UNITY_HARDWARE_TIER2 UNITY_HARDWARE_TIER3 UNITY_COLORSPACE_GAMMA UNITY_HALF_PRECISION_FRAGMENT_SHADER_REGISTERS UNITY_LIGHTMAP_DLDR_ENCODING UNITY_LIGHTMAP_RGBM_ENCODING UNITY_VIRTUAL_TEXTURING UNITY_PRETRANSFORM_TO_DISPLAY_ORIENTATION UNITY_ASTC_NORMALMAP_ENCODING SHADER_API_GLES30 UNITY_UNIFIED_SHADER_PRECISION_MODEL flags=0 lang=3 type=Fragment platform=d3d11 reqs=196641 mask=54 start=342  error: 1 plat 4 at (153): 'TransformObjectToWorld': implicit truncation of vector type
  error: 1 plat 4 at (159): 'TransformObjectToWorld': implicit truncation of vector type
  error: 1 plat 4 at (165): 'TransformObjectToWorld': implicit truncation of vector type
  error: 1 plat 4 at (215): 'mul': implicit truncation of vector type
  error: 1 plat 4 at (261): 'LinearEyeDepth': implicit truncation of vector type
  error: 1 plat 4 at (271): 'LinearEyeDepth': implicit truncation of vector type
  error: 1 plat 4 at (293): implicit truncation of vector type
  error: 1 plat 4 at (306): 'CalculateBRDF': implicit truncation of vector type
  error: 1 plat 4 at (310): implicit truncation of vector type
 ok=1 outsize=6294

Cmd: compileSnippet
  insize=11796 file=Assets/MyMaterial/Sea/Custom/CartoonSea pass=Example ppOnly=0 stripLineD=0 buildPlatform=19 rsLen=0 pKW=UNITY_ENABLE_REFLECTION_BUFFERS UNITY_USE_DITHER_MASK_FOR_ALPHABLENDED_SHADOWS UNITY_PBS_USE_BRDF1 UNITY_SPECCUBE_BOX_PROJECTION UNITY_SPECCUBE_BLENDING UNITY_ENABLE_DETAIL_NORMALMAP SHADER_API_DESKTOP UNITY_LIGHT_PROBE_PROXY_VOLUME UNITY_LIGHTMAP_FULL_HDR uKW= dKW=UNITY_NO_DXT5nm UNITY_FRAMEBUFFER_FETCH_AVAILABLE UNITY_METAL_SHADOWS_USE_POINT_FILTERING UNITY_NO_SCREENSPACE_SHADOWS UNITY_PBS_USE_BRDF2 UNITY_PBS_USE_BRDF3 UNITY_NO_FULL_STANDARD_SHADER UNITY_HARDWARE_TIER1 UNITY_HARDWARE_TIER2 UNITY_HARDWARE_TIER3 UNITY_COLORSPACE_GAMMA UNITY_HALF_PRECISION_FRAGMENT_SHADER_REGISTERS UNITY_LIGHTMAP_DLDR_ENCODING UNITY_LIGHTMAP_RGBM_ENCODING UNITY_VIRTUAL_TEXTURING UNITY_PRETRANSFORM_TO_DISPLAY_ORIENTATION UNITY_ASTC_NORMALMAP_ENCODING SHADER_API_GLES30 UNITY_UNIFIED_SHADER_PRECISION_MODEL flags=0 lang=3 type=Fragment platform=d3d11 reqs=196641 mask=54 start=342  error: 1 plat 4 at (153): 'TransformObjectToWorld': implicit truncation of vector type
  error: 1 plat 4 at (159): 'TransformObjectToWorld': implicit truncation of vector type
  error: 1 plat 4 at (165): 'TransformObjectToWorld': implicit truncation of vector type
  error: 1 plat 4 at (215): 'mul': implicit truncation of vector type
  error: 1 plat 4 at (261): 'LinearEyeDepth': implicit truncation of vector type
  error: 1 plat 4 at (271): 'LinearEyeDepth': implicit truncation of vector type
  error: 1 plat 4 at (293): implicit truncation of vector type
  error: 1 plat 4 at (306): 'CalculateBRDF': implicit truncation of vector type
  error: 1 plat 4 at (310): implicit truncation of vector type
 ok=1 outsize=6294

Cmd: shutdown
